#
# There is insufficient memory for the Java Runtime Environment to continue.
# Native memory allocation (malloc) failed to allocate 1400016 bytes for Chunk::new
# Possible reasons:
#   The system is out of physical RAM or swap space
#   The process is running with CompressedOops enabled, and the Java Heap may be blocking the growth of the native heap
# Possible solutions:
#   Reduce memory load on the system
#   Increase physical memory or swap space
#   Check if swap backing store is full
#   Decrease Java heap size (-Xmx/-Xms)
#   Decrease number of Java threads
#   Decrease Java thread stack sizes (-Xss)
#   Set larger code cache with -XX:ReservedCodeCacheSize=
#   JVM is running with Unscaled Compressed Oops mode in which the Java heap is
#     placed in the first 4GB address space. The Java Heap base address is the
#     maximum limit for the native heap growth. Please use -XX:HeapBaseMinAddress
#     to set the Java Heap base and to place the Java Heap above 4GB virtual address.
# This output file may be truncated or incomplete.
#
#  Out of Memory Error (./open/src/hotspot/share/memory/arena.cpp:197), pid=1528, tid=11064
#
# JRE version: Java(TM) SE Runtime Environment 18.9 (11.0.12+8) (build 11.0.12+8-LTS-237)
# Java VM: Java HotSpot(TM) 64-Bit Server VM 18.9 (11.0.12+8-LTS-237, mixed mode, tiered, compressed oops, parallel gc, windows-amd64)
# No core dump will be written. Minidumps are not enabled by default on client versions of Windows
#

---------------  S U M M A R Y ------------

Command Line: --add-modules=ALL-SYSTEM --add-opens=java.base/java.util=ALL-UNNAMED --add-opens=java.base/java.lang=ALL-UNNAMED -Declipse.application=org.eclipse.jdt.ls.core.id1 -Dosgi.bundles.defaultStartLevel=4 -Declipse.product=org.eclipse.jdt.ls.core.product -Dfile.encoding=utf8 -DwatchParentProcess=false -XX:+UseParallelGC -XX:GCTimeRatio=4 -XX:AdaptiveSizePolicyWeight=90 -Dsun.zip.disableMemoryMapping=true -Xmx1G -Xms100m -Xverify:none c:\Users\monta\.vscode\extensions\redhat.java-0.81.0\server\plugins\org.eclipse.equinox.launcher_1.6.200.v20210416-2027.jar -configuration c:\Users\monta\AppData\Roaming\Code\User\globalStorage\redhat.java\0.81.0\config_win -data c:\Users\monta\AppData\Roaming\Code\User\workspaceStorage\71af835e28109893869eaeaed76ece92\redhat.java\jdt_ws

Host: Intel(R) Core(TM) i5-8300H CPU @ 2.30GHz, 8 cores, 15G,  Windows 10 , 64 bit Build 19041 (10.0.19041.1151)
Time: Sat Aug 28 22:31:14 2021 Afr. centrale Ouest elapsed time: 3.968101 seconds (0d 0h 0m 3s)

---------------  T H R E A D  ---------------

Current thread (0x000001f6d7975800):  JavaThread "C2 CompilerThread1" daemon [_thread_in_native, id=11064, stack(0x000000ca36800000,0x000000ca36900000)]


Current CompileTask:
C2:   3968 3872   !   4       org.eclipse.osgi.internal.loader.classpath.ClasspathManager::findClassImpl (308 bytes)

Stack: [0x000000ca36800000,0x000000ca36900000]
Native frames: (J=compiled Java code, j=interpreted, Vv=VM code, C=native code)
V  [jvm.dll+0x617d9a]
V  [jvm.dll+0x74eeef]
V  [jvm.dll+0x750599]
V  [jvm.dll+0x750c23]
V  [jvm.dll+0x2438d8]
V  [jvm.dll+0xba6dc]
V  [jvm.dll+0xbac9c]
V  [jvm.dll+0x3469b7]
V  [jvm.dll+0x3147a3]
V  [jvm.dll+0x313aea]
V  [jvm.dll+0x1fd105]
V  [jvm.dll+0x1fc2ed]
V  [jvm.dll+0x17f18c]
V  [jvm.dll+0x20b87c]
V  [jvm.dll+0x20997b]
V  [jvm.dll+0x716359]
V  [jvm.dll+0x70f064]
V  [jvm.dll+0x616f66]
C  [ucrtbase.dll+0x21bb2]
C  [KERNEL32.DLL+0x17034]
C  [ntdll.dll+0x52651]


---------------  P R O C E S S  ---------------

Threads class SMR info:
_java_thread_list=0x000001f6db8dccf0, length=27, elements={
0x000001f6ba6fb000, 0x000001f6d64f8800, 0x000001f6d6504800, 0x000001f6d77ba800,
0x000001f6d77bb800, 0x000001f6d77bd000, 0x000001f6d77c0000, 0x000001f6d7770800,
0x000001f6d7774000, 0x000001f6d7910800, 0x000001f6d7975800, 0x000001f6d8a48800,
0x000001f6d8b59800, 0x000001f6d8a77000, 0x000001f6d8c84800, 0x000001f6d956c800,
0x000001f6d8d9b800, 0x000001f6d975f800, 0x000001f6d9922000, 0x000001f6d99be000,
0x000001f6d9324800, 0x000001f6dc4d0000, 0x000001f6de1dc800, 0x000001f6de1db000,
0x000001f6de1da800, 0x000001f6de1dc000, 0x000001f6d9e65800
}

Java Threads: ( => current thread )
  0x000001f6ba6fb000 JavaThread "main" [_thread_blocked, id=22096, stack(0x000000ca35c00000,0x000000ca35d00000)]
  0x000001f6d64f8800 JavaThread "Reference Handler" daemon [_thread_blocked, id=720, stack(0x000000ca35f00000,0x000000ca36000000)]
  0x000001f6d6504800 JavaThread "Finalizer" daemon [_thread_blocked, id=23984, stack(0x000000ca36000000,0x000000ca36100000)]
  0x000001f6d77ba800 JavaThread "Signal Dispatcher" daemon [_thread_blocked, id=12476, stack(0x000000ca36100000,0x000000ca36200000)]
  0x000001f6d77bb800 JavaThread "Attach Listener" daemon [_thread_blocked, id=17324, stack(0x000000ca36200000,0x000000ca36300000)]
  0x000001f6d77bd000 JavaThread "Service Thread" daemon [_thread_blocked, id=13496, stack(0x000000ca36300000,0x000000ca36400000)]
  0x000001f6d77c0000 JavaThread "C2 CompilerThread0" daemon [_thread_in_native, id=5144, stack(0x000000ca36400000,0x000000ca36500000)]
  0x000001f6d7770800 JavaThread "C1 CompilerThread0" daemon [_thread_in_native, id=17412, stack(0x000000ca36500000,0x000000ca36600000)]
  0x000001f6d7774000 JavaThread "Sweeper thread" daemon [_thread_blocked, id=24084, stack(0x000000ca36600000,0x000000ca36700000)]
  0x000001f6d7910800 JavaThread "Common-Cleaner" daemon [_thread_blocked, id=20152, stack(0x000000ca36700000,0x000000ca36800000)]
=>0x000001f6d7975800 JavaThread "C2 CompilerThread1" daemon [_thread_in_native, id=11064, stack(0x000000ca36800000,0x000000ca36900000)]
  0x000001f6d8a48800 JavaThread "C2 CompilerThread2" daemon [_thread_in_native, id=17532, stack(0x000000ca36a00000,0x000000ca36b00000)]
  0x000001f6d8b59800 JavaThread "Active Thread: Equinox Container: 1c92bd56-238d-484a-9346-b18044946d84" [_thread_blocked, id=20924, stack(0x000000ca36b00000,0x000000ca36c00000)]
  0x000001f6d8a77000 JavaThread "Framework Event Dispatcher: Equinox Container: 1c92bd56-238d-484a-9346-b18044946d84" daemon [_thread_blocked, id=6644, stack(0x000000ca36c00000,0x000000ca36d00000)]
  0x000001f6d8c84800 JavaThread "Start Level: Equinox Container: 1c92bd56-238d-484a-9346-b18044946d84" daemon [_thread_blocked, id=10224, stack(0x000000ca37000000,0x000000ca37100000)]
  0x000001f6d956c800 JavaThread "SCR Component Actor" daemon [_thread_blocked, id=22056, stack(0x000000ca37100000,0x000000ca37200000)]
  0x000001f6d8d9b800 JavaThread "Timer-0" daemon [_thread_blocked, id=12980, stack(0x000000ca37200000,0x000000ca37300000)]
  0x000001f6d975f800 JavaThread "Bundle File Closer" daemon [_thread_blocked, id=13796, stack(0x000000ca37300000,0x000000ca37400000)]
  0x000001f6d9922000 JavaThread "Worker-JM" [_thread_blocked, id=9524, stack(0x000000ca37400000,0x000000ca37500000)]
  0x000001f6d99be000 JavaThread "Worker-0: Initialize Workspace" [_thread_blocked, id=23908, stack(0x000000ca37700000,0x000000ca37800000)]
  0x000001f6d9324800 JavaThread "Worker-1: Register Watchers" [_thread_blocked, id=11376, stack(0x000000ca37800000,0x000000ca37900000)]
  0x000001f6dc4d0000 JavaThread "Java indexing" daemon [_thread_blocked, id=19272, stack(0x000000ca37900000,0x000000ca37a00000)]
  0x000001f6de1dc800 JavaThread "logback configurator timer" daemon [_thread_blocked, id=19608, stack(0x000000ca37c00000,0x000000ca37d00000)]
  0x000001f6de1db000 JavaThread "pool-2-thread-1" [_thread_blocked, id=14856, stack(0x000000ca37d00000,0x000000ca37e00000)]
  0x000001f6de1da800 JavaThread "Worker-2" [_thread_blocked, id=23252, stack(0x000000ca37e00000,0x000000ca37f00000)]
  0x000001f6de1dc000 JavaThread "Worker-3" [_thread_blocked, id=3612, stack(0x000000ca37f00000,0x000000ca38000000)]
  0x000001f6d9e65800 JavaThread "Worker-4: Repository registry initialization" [_thread_in_Java, id=20076, stack(0x000000ca38000000,0x000000ca38100000)]

Other Threads:
  0x000001f6d64f6000 VMThread "VM Thread" [stack: 0x000000ca35e00000,0x000000ca35f00000] [id=23736]
  0x000001f6d7b1d000 WatcherThread [stack: 0x000000ca36900000,0x000000ca36a00000] [id=5968]
  0x000001f6ba710000 GCTaskThread "ParGC Thread#0" [stack: 0x000000ca35d00000,0x000000ca35e00000] [id=17092]
  0x000001f6d8b4e000 GCTaskThread "ParGC Thread#1" [stack: 0x000000ca36d00000,0x000000ca36e00000] [id=4680]
  0x000001f6d8b4e800 GCTaskThread "ParGC Thread#2" [stack: 0x000000ca36e00000,0x000000ca36f00000] [id=2724]
  0x000001f6d8b4f800 GCTaskThread "ParGC Thread#3" [stack: 0x000000ca36f00000,0x000000ca37000000] [id=25132]
  0x000001f6d99a5800 GCTaskThread "ParGC Thread#4" [stack: 0x000000ca37500000,0x000000ca37600000] [id=24600]
  0x000001f6d97be000 GCTaskThread "ParGC Thread#5" [stack: 0x000000ca37600000,0x000000ca37700000] [id=4616]
  0x000001f6d9da6000 GCTaskThread "ParGC Thread#6" [stack: 0x000000ca37a00000,0x000000ca37b00000] [id=13020]
  0x000001f6da21b800 GCTaskThread "ParGC Thread#7" [stack: 0x000000ca37b00000,0x000000ca37c00000] [id=23576]

Threads with active compile tasks:
C2 CompilerThread0   4002 4168   !   4       org.eclipse.osgi.internal.loader.classpath.ClasspathManager::defineClass (636 bytes)
C1 CompilerThread0   4002 4187       3       java.lang.reflect.ProxyGenerator$MethodInfo::write (283 bytes)
C2 CompilerThread1   4002 3872   !   4       org.eclipse.osgi.internal.loader.classpath.ClasspathManager::findClassImpl (308 bytes)
C2 CompilerThread2   4002 3863   !   4       org.eclipse.osgi.internal.loader.classpath.ClasspathManager::findLocalClass (210 bytes)

VM state:not at safepoint (normal execution)

VM Mutex/Monitor currently owned by a thread: None

Heap address: 0x00000000c0000000, size: 1024 MB, Compressed Oops mode: 32-bit
Narrow klass base: 0x0000000000000000, Narrow klass shift: 3
Compressed class space size: 1073741824 Address: 0x0000000100000000

Heap:
 PSYoungGen      total 24064K, used 7743K [0x00000000eab00000, 0x00000000ec680000, 0x0000000100000000)
  eden space 22016K, 27% used [0x00000000eab00000,0x00000000eb0dfe48,0x00000000ec080000)
  from space 2048K, 84% used [0x00000000ec400000,0x00000000ec5b0000,0x00000000ec600000)
  to   space 512K, 0% used [0x00000000ec600000,0x00000000ec600000,0x00000000ec680000)
 ParOldGen       total 68608K, used 28488K [0x00000000c0000000, 0x00000000c4300000, 0x00000000eab00000)
  object space 68608K, 41% used [0x00000000c0000000,0x00000000c1bd2260,0x00000000c4300000)
 Metaspace       used 40969K, capacity 43353K, committed 43520K, reserved 1087488K
  class space    used 4204K, capacity 5046K, committed 5120K, reserved 1048576K

Card table byte_map: [0x000001f6d3580000,0x000001f6d3790000] _byte_map_base: 0x000001f6d2f80000

Marking Bits: (ParMarkBitMap*) 0x00007ffa7b2967a0
 Begin Bits: [0x000001f6d38f0000, 0x000001f6d48f0000)
 End Bits:   [0x000001f6d48f0000, 0x000001f6d58f0000)

Polling page: 0x000001f6bbf90000

Metaspace:

Usage:
  Non-class:     37.41 MB capacity,    35.90 MB ( 96%) used,     1.42 MB (  4%) free+waste,    89.63 KB ( <1%) overhead. 
      Class:      4.93 MB capacity,     4.11 MB ( 83%) used,   797.55 KB ( 16%) free+waste,    43.69 KB ( <1%) overhead. 
       Both:     42.34 MB capacity,    40.01 MB ( 95%) used,     2.20 MB (  5%) free+waste,   133.31 KB ( <1%) overhead. 

Virtual space:
  Non-class space:       38.00 MB reserved,      37.50 MB ( 99%) committed 
      Class space:        1.00 GB reserved,       5.00 MB ( <1%) committed 
             Both:        1.04 GB reserved,      42.50 MB (  4%) committed 

Chunk freelists:
   Non-Class:  3.63 KB
       Class:  1.25 KB
        Both:  4.88 KB

CodeHeap 'non-profiled nmethods': size=120000Kb used=2087Kb max_used=2087Kb free=117912Kb
 bounds [0x000001f6cbe60000, 0x000001f6cc0d0000, 0x000001f6d3390000]
CodeHeap 'profiled nmethods': size=120000Kb used=9011Kb max_used=9011Kb free=110988Kb
 bounds [0x000001f6c4930000, 0x000001f6c5200000, 0x000001f6cbe60000]
CodeHeap 'non-nmethods': size=5760Kb used=1189Kb max_used=1258Kb free=4570Kb
 bounds [0x000001f6c4390000, 0x000001f6c4600000, 0x000001f6c4930000]
 total_blobs=4698 nmethods=4152 adapters=459
 compilation: enabled
              stopped_count=0, restarted_count=0
 full_count=0

Compilation events (10 events):
Event: 3.963 Thread 0x000001f6d7770800 nmethod 4150 0x000001f6c51ed890 code [0x000001f6c51eda20, 0x000001f6c51edb38]
Event: 3.963 Thread 0x000001f6d7770800 4152       3       com.google.inject.internal.Annotations::findBindingAnnotation (76 bytes)
Event: 3.964 Thread 0x000001f6d7770800 nmethod 4152 0x000001f6c51edc10 code [0x000001f6c51ede80, 0x000001f6c51eeb58]
Event: 3.964 Thread 0x000001f6d7770800 4151       3       sun.reflect.annotation.AnnotationParser::toArray (18 bytes)
Event: 3.964 Thread 0x000001f6d77c0000 nmethod 4125 0x000001f6cc066910 code [0x000001f6cc066ae0, 0x000001f6cc066e48]
Event: 3.964 Thread 0x000001f6d77c0000 4136       4       java.util.ArrayDeque::pollFirst (36 bytes)
Event: 3.964 Thread 0x000001f6d7770800 nmethod 4151 0x000001f6c51ef090 code [0x000001f6c51ef260, 0x000001f6c51ef5b8]
Event: 3.964 Thread 0x000001f6d7770800 4153       1       com.google.inject.internal.ProviderInstanceBindingImpl::getUserSuppliedProvider (5 bytes)
Event: 3.964 Thread 0x000001f6d7770800 nmethod 4153 0x000001f6cc067190 code [0x000001f6cc067320, 0x000001f6cc0673d8]
Event: 3.964 Thread 0x000001f6d7770800 4154       3       java.lang.Class::getEnclosingClass (69 bytes)

GC Heap History (10 events):
Event: 3.461 GC heap before
{Heap before GC invocations=11 (full 2):
 PSYoungGen      total 29696K, used 29688K [0x00000000eab00000, 0x00000000ece80000, 0x0000000100000000)
  eden space 24064K, 100% used [0x00000000eab00000,0x00000000ec280000,0x00000000ec280000)
  from space 5632K, 99% used [0x00000000ec880000,0x00000000ecdfe140,0x00000000ece00000)
  to   space 6144K, 0% used [0x00000000ec280000,0x00000000ec280000,0x00000000ec880000)
 ParOldGen       total 68608K, used 14983K [0x00000000c0000000, 0x00000000c4300000, 0x00000000eab00000)
  object space 68608K, 21% used [0x00000000c0000000,0x00000000c0ea1c60,0x00000000c4300000)
 Metaspace       used 35197K, capacity 37483K, committed 37632K, reserved 1083392K
  class space    used 3479K, capacity 4311K, committed 4352K, reserved 1048576K
}
Event: 3.470 GC heap after
{Heap after GC invocations=11 (full 2):
 PSYoungGen      total 29696K, used 6067K [0x00000000eab00000, 0x00000000ecf00000, 0x0000000100000000)
  eden space 23552K, 0% used [0x00000000eab00000,0x00000000eab00000,0x00000000ec200000)
  from space 6144K, 98% used [0x00000000ec280000,0x00000000ec86ceb8,0x00000000ec880000)
  to   space 6656K, 0% used [0x00000000ec880000,0x00000000ec880000,0x00000000ecf00000)
 ParOldGen       total 68608K, used 16961K [0x00000000c0000000, 0x00000000c4300000, 0x00000000eab00000)
  object space 68608K, 24% used [0x00000000c0000000,0x00000000c10905b8,0x00000000c4300000)
 Metaspace       used 35197K, capacity 37483K, committed 37632K, reserved 1083392K
  class space    used 3479K, capacity 4311K, committed 4352K, reserved 1048576K
}
Event: 3.522 GC heap before
{Heap before GC invocations=12 (full 2):
 PSYoungGen      total 29696K, used 29619K [0x00000000eab00000, 0x00000000ecf00000, 0x0000000100000000)
  eden space 23552K, 100% used [0x00000000eab00000,0x00000000ec200000,0x00000000ec200000)
  from space 6144K, 98% used [0x00000000ec280000,0x00000000ec86ceb8,0x00000000ec880000)
  to   space 6656K, 0% used [0x00000000ec880000,0x00000000ec880000,0x00000000ecf00000)
 ParOldGen       total 68608K, used 16961K [0x00000000c0000000, 0x00000000c4300000, 0x00000000eab00000)
  object space 68608K, 24% used [0x00000000c0000000,0x00000000c10905b8,0x00000000c4300000)
 Metaspace       used 35427K, capacity 37713K, committed 37888K, reserved 1083392K
  class space    used 3511K, capacity 4345K, committed 4352K, reserved 1048576K
}
Event: 3.530 GC heap after
{Heap after GC invocations=12 (full 2):
 PSYoungGen      total 28160K, used 4672K [0x00000000eab00000, 0x00000000ecd80000, 0x0000000100000000)
  eden space 23040K, 0% used [0x00000000eab00000,0x00000000eab00000,0x00000000ec180000)
  from space 5120K, 91% used [0x00000000ec880000,0x00000000ecd10020,0x00000000ecd80000)
  to   space 5632K, 0% used [0x00000000ec280000,0x00000000ec280000,0x00000000ec800000)
 ParOldGen       total 68608K, used 20465K [0x00000000c0000000, 0x00000000c4300000, 0x00000000eab00000)
  object space 68608K, 29% used [0x00000000c0000000,0x00000000c13fc470,0x00000000c4300000)
 Metaspace       used 35427K, capacity 37713K, committed 37888K, reserved 1083392K
  class space    used 3511K, capacity 4345K, committed 4352K, reserved 1048576K
}
Event: 3.569 GC heap before
{Heap before GC invocations=13 (full 2):
 PSYoungGen      total 28160K, used 27712K [0x00000000eab00000, 0x00000000ecd80000, 0x0000000100000000)
  eden space 23040K, 100% used [0x00000000eab00000,0x00000000ec180000,0x00000000ec180000)
  from space 5120K, 91% used [0x00000000ec880000,0x00000000ecd10020,0x00000000ecd80000)
  to   space 5632K, 0% used [0x00000000ec280000,0x00000000ec280000,0x00000000ec800000)
 ParOldGen       total 68608K, used 20465K [0x00000000c0000000, 0x00000000c4300000, 0x00000000eab00000)
  object space 68608K, 29% used [0x00000000c0000000,0x00000000c13fc470,0x00000000c4300000)
 Metaspace       used 36013K, capacity 38289K, committed 38528K, reserved 1083392K
  class space    used 3580K, capacity 4409K, committed 4480K, reserved 1048576K
}
Event: 3.575 GC heap after
{Heap after GC invocations=13 (full 2):
 PSYoungGen      total 24576K, used 1920K [0x00000000eab00000, 0x00000000ec900000, 0x0000000100000000)
  eden space 22528K, 0% used [0x00000000eab00000,0x00000000eab00000,0x00000000ec100000)
  from space 2048K, 93% used [0x00000000ec280000,0x00000000ec460000,0x00000000ec480000)
  to   space 3072K, 0% used [0x00000000ec600000,0x00000000ec600000,0x00000000ec900000)
 ParOldGen       total 68608K, used 25026K [0x00000000c0000000, 0x00000000c4300000, 0x00000000eab00000)
  object space 68608K, 36% used [0x00000000c0000000,0x00000000c18709e0,0x00000000c4300000)
 Metaspace       used 36013K, capacity 38289K, committed 38528K, reserved 1083392K
  class space    used 3580K, capacity 4409K, committed 4480K, reserved 1048576K
}
Event: 3.617 GC heap before
{Heap before GC invocations=14 (full 2):
 PSYoungGen      total 24576K, used 24448K [0x00000000eab00000, 0x00000000ec900000, 0x0000000100000000)
  eden space 22528K, 100% used [0x00000000eab00000,0x00000000ec100000,0x00000000ec100000)
  from space 2048K, 93% used [0x00000000ec280000,0x00000000ec460000,0x00000000ec480000)
  to   space 3072K, 0% used [0x00000000ec600000,0x00000000ec600000,0x00000000ec900000)
 ParOldGen       total 68608K, used 25026K [0x00000000c0000000, 0x00000000c4300000, 0x00000000eab00000)
  object space 68608K, 36% used [0x00000000c0000000,0x00000000c18709e0,0x00000000c4300000)
 Metaspace       used 36646K, capacity 38906K, committed 39168K, reserved 1083392K
  class space    used 3664K, capacity 4508K, committed 4608K, reserved 1048576K
}
Event: 3.622 GC heap after
{Heap after GC invocations=14 (full 2):
 PSYoungGen      total 24064K, used 1664K [0x00000000eab00000, 0x00000000ec800000, 0x0000000100000000)
  eden space 22016K, 0% used [0x00000000eab00000,0x00000000eab00000,0x00000000ec080000)
  from space 2048K, 81% used [0x00000000ec600000,0x00000000ec7a0000,0x00000000ec800000)
  to   space 2048K, 0% used [0x00000000ec400000,0x00000000ec400000,0x00000000ec600000)
 ParOldGen       total 68608K, used 26864K [0x00000000c0000000, 0x00000000c4300000, 0x00000000eab00000)
  object space 68608K, 39% used [0x00000000c0000000,0x00000000c1a3c260,0x00000000c4300000)
 Metaspace       used 36646K, capacity 38906K, committed 39168K, reserved 1083392K
  class space    used 3664K, capacity 4508K, committed 4608K, reserved 1048576K
}
Event: 3.893 GC heap before
{Heap before GC invocations=15 (full 2):
 PSYoungGen      total 24064K, used 23680K [0x00000000eab00000, 0x00000000ec800000, 0x0000000100000000)
  eden space 22016K, 100% used [0x00000000eab00000,0x00000000ec080000,0x00000000ec080000)
  from space 2048K, 81% used [0x00000000ec600000,0x00000000ec7a0000,0x00000000ec800000)
  to   space 2048K, 0% used [0x00000000ec400000,0x00000000ec400000,0x00000000ec600000)
 ParOldGen       total 68608K, used 26864K [0x00000000c0000000, 0x00000000c4300000, 0x00000000eab00000)
  object space 68608K, 39% used [0x00000000c0000000,0x00000000c1a3c260,0x00000000c4300000)
 Metaspace       used 39432K, capacity 41779K, committed 41984K, reserved 1087488K
  class space    used 4016K, capacity 4843K, committed 4864K, reserved 1048576K
}
Event: 3.898 GC heap after
{Heap after GC invocations=15 (full 2):
 PSYoungGen      total 24064K, used 1728K [0x00000000eab00000, 0x00000000ec680000, 0x0000000100000000)
  eden space 22016K, 0% used [0x00000000eab00000,0x00000000eab00000,0x00000000ec080000)
  from space 2048K, 84% used [0x00000000ec400000,0x00000000ec5b0000,0x00000000ec600000)
  to   space 512K, 0% used [0x00000000ec600000,0x00000000ec600000,0x00000000ec680000)
 ParOldGen       total 68608K, used 28488K [0x00000000c0000000, 0x00000000c4300000, 0x00000000eab00000)
  object space 68608K, 41% used [0x00000000c0000000,0x00000000c1bd2260,0x00000000c4300000)
 Metaspace       used 39432K, capacity 41779K, committed 41984K, reserved 1087488K
  class space    used 4016K, capacity 4843K, committed 4864K, reserved 1048576K
}

Deoptimization events (10 events):
Event: 3.696 Thread 0x000001f6d9e65800 Uncommon trap: reason=class_check action=maybe_recompile pc=0x000001f6cc038284 method=java.lang.Character.codePointAt(Ljava/lang/CharSequence;I)I @ 2 c2
Event: 3.696 Thread 0x000001f6d9e65800 Uncommon trap: reason=class_check action=maybe_recompile pc=0x000001f6cc038284 method=java.lang.Character.codePointAt(Ljava/lang/CharSequence;I)I @ 2 c2
Event: 3.696 Thread 0x000001f6d9e65800 Uncommon trap: reason=class_check action=maybe_recompile pc=0x000001f6cc038284 method=java.lang.Character.codePointAt(Ljava/lang/CharSequence;I)I @ 2 c2
Event: 3.696 Thread 0x000001f6d9e65800 Uncommon trap: reason=class_check action=maybe_recompile pc=0x000001f6cc038284 method=java.lang.Character.codePointAt(Ljava/lang/CharSequence;I)I @ 2 c2
Event: 3.739 Thread 0x000001f6d9e65800 Uncommon trap: reason=unstable_if action=reinterpret pc=0x000001f6cbefa6b4 method=java.util.ArrayList.indexOfRange(Ljava/lang/Object;II)I @ 7 c2
Event: 3.751 Thread 0x000001f6d9e65800 Uncommon trap: reason=unstable_if action=reinterpret pc=0x000001f6cbeea678 method=java.util.ArrayList.indexOfRange(Ljava/lang/Object;II)I @ 7 c2
Event: 3.928 Thread 0x000001f6d9e65800 Uncommon trap: reason=speculate_class_check action=maybe_recompile pc=0x000001f6cc0622ec method=java.lang.reflect.Executable.declaredAnnotations()Ljava/util/Map; @ 23 c2
Event: 3.931 Thread 0x000001f6d9e65800 Uncommon trap: reason=speculate_class_check action=maybe_recompile pc=0x000001f6cc0622ec method=java.lang.reflect.Executable.declaredAnnotations()Ljava/util/Map; @ 23 c2
Event: 3.933 Thread 0x000001f6d9e65800 Uncommon trap: reason=speculate_class_check action=maybe_recompile pc=0x000001f6cc0622ec method=java.lang.reflect.Executable.declaredAnnotations()Ljava/util/Map; @ 23 c2
Event: 3.934 Thread 0x000001f6d9e65800 Uncommon trap: reason=speculate_class_check action=maybe_recompile pc=0x000001f6cc0622ec method=java.lang.reflect.Executable.declaredAnnotations()Ljava/util/Map; @ 23 c2

Classes redefined (0 events):
No events

Internal exceptions (10 events):
Event: 3.697 Thread 0x000001f6d99be000 Exception <a 'sun/nio/fs/WindowsException'{0x00000000eaf344e0}> (0x00000000eaf344e0) thrown at [./open/src/hotspot/share/prims/jni.cpp, line 611]
Event: 3.697 Thread 0x000001f6d99be000 Exception <a 'sun/nio/fs/WindowsException'{0x00000000eaf34c68}> (0x00000000eaf34c68) thrown at [./open/src/hotspot/share/prims/jni.cpp, line 611]
Event: 3.698 Thread 0x000001f6d99be000 Exception <a 'sun/nio/fs/WindowsException'{0x00000000eaf39ef0}> (0x00000000eaf39ef0) thrown at [./open/src/hotspot/share/prims/jni.cpp, line 611]
Event: 3.698 Thread 0x000001f6d99be000 Exception <a 'sun/nio/fs/WindowsException'{0x00000000eaf3a5b8}> (0x00000000eaf3a5b8) thrown at [./open/src/hotspot/share/prims/jni.cpp, line 611]
Event: 3.700 Thread 0x000001f6d99be000 Exception <a 'sun/nio/fs/WindowsException'{0x00000000eaf3f8a0}> (0x00000000eaf3f8a0) thrown at [./open/src/hotspot/share/prims/jni.cpp, line 611]
Event: 3.700 Thread 0x000001f6d99be000 Exception <a 'sun/nio/fs/WindowsException'{0x00000000eaf3ff88}> (0x00000000eaf3ff88) thrown at [./open/src/hotspot/share/prims/jni.cpp, line 611]
Event: 3.701 Thread 0x000001f6d99be000 Exception <a 'sun/nio/fs/WindowsException'{0x00000000eaf454b8}> (0x00000000eaf454b8) thrown at [./open/src/hotspot/share/prims/jni.cpp, line 611]
Event: 3.701 Thread 0x000001f6d99be000 Exception <a 'sun/nio/fs/WindowsException'{0x00000000eaf45bd8}> (0x00000000eaf45bd8) thrown at [./open/src/hotspot/share/prims/jni.cpp, line 611]
Event: 3.739 Thread 0x000001f6d9e65800 Implicit null exception at 0x000001f6cbefa3dc to 0x000001f6cbefa698
Event: 3.751 Thread 0x000001f6d9e65800 Implicit null exception at 0x000001f6cbeea3d4 to 0x000001f6cbeea65c

Events (10 events):
Event: 3.951 loading class org/apache/maven/lifecycle/Lifecycle$__sisu8
Event: 3.952 loading class org/apache/maven/lifecycle/Lifecycle$__sisu8 done
Event: 3.953 loading class org/apache/maven/lifecycle/mapping/DefaultLifecycleMapping$__sisu1
Event: 3.953 loading class org/apache/maven/lifecycle/mapping/DefaultLifecycleMapping$__sisu1 done
Event: 3.956 loading class org/apache/maven/artifact/handler/DefaultArtifactHandler$__sisu19
Event: 3.956 loading class org/apache/maven/artifact/handler/DefaultArtifactHandler$__sisu19 done
Event: 3.963 loading class org/apache/maven/artifact/handler/DefaultArtifactHandler$__sisu14
Event: 3.963 loading class org/apache/maven/artifact/handler/DefaultArtifactHandler$__sisu14 done
Event: 3.963 loading class org/apache/maven/artifact/handler/DefaultArtifactHandler$__sisu11
Event: 3.963 loading class org/apache/maven/artifact/handler/DefaultArtifactHandler$__sisu11 done


Dynamic libraries:
0x00007ff6d4190000 - 0x00007ff6d419f000 	C:\Program Files\Java\jdk-11.0.12\bin\java.exe
0x00007ffae4790000 - 0x00007ffae4985000 	C:\WINDOWS\SYSTEM32\ntdll.dll
0x00007ffae4660000 - 0x00007ffae471d000 	C:\WINDOWS\System32\KERNEL32.DLL
0x00007ffae1f20000 - 0x00007ffae21e9000 	C:\WINDOWS\System32\KERNELBASE.dll
0x00007ffae2400000 - 0x00007ffae2500000 	C:\WINDOWS\System32\ucrtbase.dll
0x00007ffada5e0000 - 0x00007ffada5f5000 	C:\Program Files\Java\jdk-11.0.12\bin\VCRUNTIME140.dll
0x00007ffad9dc0000 - 0x00007ffad9dd8000 	C:\Program Files\Java\jdk-11.0.12\bin\jli.dll
0x00007ffae2d40000 - 0x00007ffae2dec000 	C:\WINDOWS\System32\ADVAPI32.dll
0x00007ffae3c00000 - 0x00007ffae3c9e000 	C:\WINDOWS\System32\msvcrt.dll
0x00007ffae3410000 - 0x00007ffae34ab000 	C:\WINDOWS\System32\sechost.dll
0x00007ffae3550000 - 0x00007ffae367a000 	C:\WINDOWS\System32\RPCRT4.dll
0x00007ffae3680000 - 0x00007ffae3820000 	C:\WINDOWS\System32\USER32.dll
0x00007ffacbf00000 - 0x00007ffacc19a000 	C:\WINDOWS\WinSxS\amd64_microsoft.windows.common-controls_6595b64144ccf1df_6.0.19041.1110_none_60b5254171f9507e\COMCTL32.dll
0x00007ffae2630000 - 0x00007ffae2652000 	C:\WINDOWS\System32\win32u.dll
0x00007ffae39e0000 - 0x00007ffae3a0a000 	C:\WINDOWS\System32\GDI32.dll
0x00007ffae2290000 - 0x00007ffae239b000 	C:\WINDOWS\System32\gdi32full.dll
0x00007ffae21f0000 - 0x00007ffae228d000 	C:\WINDOWS\System32\msvcp_win.dll
0x00007ffadaca0000 - 0x00007ffadacaa000 	C:\WINDOWS\SYSTEM32\VERSION.dll
0x00007ffae34b0000 - 0x00007ffae34e0000 	C:\WINDOWS\System32\IMM32.DLL
0x00007ffaa9ca0000 - 0x00007ffaa9d3b000 	C:\Program Files\Java\jdk-11.0.12\bin\msvcp140.dll
0x00007ffa7a850000 - 0x00007ffa7b34f000 	C:\Program Files\Java\jdk-11.0.12\bin\server\jvm.dll
0x00007ffae4650000 - 0x00007ffae4658000 	C:\WINDOWS\System32\PSAPI.DLL
0x00007ffacf210000 - 0x00007ffacf219000 	C:\WINDOWS\SYSTEM32\WSOCK32.dll
0x00007ffaccf60000 - 0x00007ffaccf87000 	C:\WINDOWS\SYSTEM32\WINMM.dll
0x00007ffae34e0000 - 0x00007ffae354b000 	C:\WINDOWS\System32\WS2_32.dll
0x00007ffadfd60000 - 0x00007ffadfd72000 	C:\WINDOWS\SYSTEM32\kernel.appcore.dll
0x00007ffaddcf0000 - 0x00007ffaddd00000 	C:\Program Files\Java\jdk-11.0.12\bin\verify.dll
0x00007ffadae00000 - 0x00007ffadafe4000 	C:\WINDOWS\SYSTEM32\DBGHELP.DLL
0x00007ffacf220000 - 0x00007ffacf24c000 	C:\WINDOWS\SYSTEM32\dbgcore.DLL
0x00007ffae1e90000 - 0x00007ffae1f13000 	C:\WINDOWS\System32\bcryptPrimitives.dll
0x00007ffad6720000 - 0x00007ffad6748000 	C:\Program Files\Java\jdk-11.0.12\bin\java.dll
0x00007ffadd9d0000 - 0x00007ffadd9da000 	C:\Program Files\Java\jdk-11.0.12\bin\jimage.dll
0x00007ffaa9c80000 - 0x00007ffaa9c96000 	C:\Program Files\Java\jdk-11.0.12\bin\zip.dll
0x00007ffae3f10000 - 0x00007ffae464f000 	C:\WINDOWS\System32\SHELL32.dll
0x00007ffadff60000 - 0x00007ffae06f0000 	C:\WINDOWS\SYSTEM32\windows.storage.dll
0x00007ffae27e0000 - 0x00007ffae2b35000 	C:\WINDOWS\System32\combase.dll
0x00007ffae18f0000 - 0x00007ffae191c000 	C:\WINDOWS\SYSTEM32\Wldp.dll
0x00007ffae2c90000 - 0x00007ffae2d3e000 	C:\WINDOWS\System32\SHCORE.dll
0x00007ffae2ba0000 - 0x00007ffae2bf5000 	C:\WINDOWS\System32\shlwapi.dll
0x00007ffae1dd0000 - 0x00007ffae1def000 	C:\WINDOWS\SYSTEM32\profapi.dll
0x00007ffaa9c60000 - 0x00007ffaa9c79000 	C:\Program Files\Java\jdk-11.0.12\bin\net.dll
0x00007ffad9fa0000 - 0x00007ffada0a8000 	C:\WINDOWS\SYSTEM32\WINHTTP.dll
0x00007ffae1630000 - 0x00007ffae169a000 	C:\WINDOWS\system32\mswsock.dll
0x00007ffaa9c40000 - 0x00007ffaa9c52000 	C:\Program Files\Java\jdk-11.0.12\bin\nio.dll
0x00007ffae1850000 - 0x00007ffae1868000 	C:\WINDOWS\SYSTEM32\CRYPTSP.dll
0x00007ffae0f20000 - 0x00007ffae0f54000 	C:\WINDOWS\system32\rsaenh.dll
0x00007ffae2500000 - 0x00007ffae2527000 	C:\WINDOWS\System32\bcrypt.dll
0x00007ffae1d50000 - 0x00007ffae1d7e000 	C:\WINDOWS\SYSTEM32\USERENV.dll
0x00007ffae1840000 - 0x00007ffae184c000 	C:\WINDOWS\SYSTEM32\CRYPTBASE.dll
0x00007ffae12c0000 - 0x00007ffae12fb000 	C:\WINDOWS\SYSTEM32\IPHLPAPI.DLL
0x00007ffae3bf0000 - 0x00007ffae3bf8000 	C:\WINDOWS\System32\NSI.dll
0x00007ffad8810000 - 0x00007ffad8827000 	C:\WINDOWS\SYSTEM32\dhcpcsvc6.DLL
0x00007ffad87f0000 - 0x00007ffad880d000 	C:\WINDOWS\SYSTEM32\dhcpcsvc.DLL
0x00007ffae1320000 - 0x00007ffae13ec000 	C:\WINDOWS\SYSTEM32\DNSAPI.dll
0x00007ffaa9b50000 - 0x00007ffaa9b8e000 	C:\Users\monta\AppData\Roaming\Code\User\globalStorage\redhat.java\0.81.0\config_win\org.eclipse.equinox.launcher\org.eclipse.equinox.launcher.win32.win32.x86_64_1.2.300.v20210622-1446\eclipse_11503.dll
0x00007ffaa9b10000 - 0x00007ffaa9b21000 	C:\Users\monta\AppData\Roaming\Code\User\globalStorage\redhat.java\0.81.0\config_win\org.eclipse.osgi\22\0\.cp\jWinHttp-1.0.0.dll
0x00007ffae3a10000 - 0x00007ffae3b3a000 	C:\WINDOWS\System32\ole32.dll

dbghelp: loaded successfully - version: 4.0.5 - missing functions: none
symbol engine: initialized successfully - sym options: 0x614 - pdb path: .;C:\Program Files\Java\jdk-11.0.12\bin;C:\WINDOWS\SYSTEM32;C:\WINDOWS\WinSxS\amd64_microsoft.windows.common-controls_6595b64144ccf1df_6.0.19041.1110_none_60b5254171f9507e;C:\Program Files\Java\jdk-11.0.12\bin\server;C:\Users\monta\AppData\Roaming\Code\User\globalStorage\redhat.java\0.81.0\config_win\org.eclipse.equinox.launcher\org.eclipse.equinox.launcher.win32.win32.x86_64_1.2.300.v20210622-1446;C:\Users\monta\AppData\Roaming\Code\User\globalStorage\redhat.java\0.81.0\config_win\org.eclipse.osgi\22\0\.cp

VM Arguments:
jvm_args: --add-modules=ALL-SYSTEM --add-opens=java.base/java.util=ALL-UNNAMED --add-opens=java.base/java.lang=ALL-UNNAMED -Declipse.application=org.eclipse.jdt.ls.core.id1 -Dosgi.bundles.defaultStartLevel=4 -Declipse.product=org.eclipse.jdt.ls.core.product -Dfile.encoding=utf8 -DwatchParentProcess=false -XX:+UseParallelGC -XX:GCTimeRatio=4 -XX:AdaptiveSizePolicyWeight=90 -Dsun.zip.disableMemoryMapping=true -Xmx1G -Xms100m -Xverify:none 
java_command: c:\Users\monta\.vscode\extensions\redhat.java-0.81.0\server\plugins\org.eclipse.equinox.launcher_1.6.200.v20210416-2027.jar -configuration c:\Users\monta\AppData\Roaming\Code\User\globalStorage\redhat.java\0.81.0\config_win -data c:\Users\monta\AppData\Roaming\Code\User\workspaceStorage\71af835e28109893869eaeaed76ece92\redhat.java\jdt_ws
java_class_path (initial): c:\Users\monta\.vscode\extensions\redhat.java-0.81.0\server\plugins\org.eclipse.equinox.launcher_1.6.200.v20210416-2027.jar
Launcher Type: SUN_STANDARD

[Global flags]
    uintx AdaptiveSizePolicyWeight                 = 90                                        {product} {command line}
     bool BytecodeVerificationLocal                = false                                     {product} {command line}
     bool BytecodeVerificationRemote               = false                                     {product} {command line}
     intx CICompilerCount                          = 4                                         {product} {ergonomic}
    uintx GCTimeRatio                              = 4                                         {product} {command line}
   size_t InitialHeapSize                          = 104857600                                 {product} {command line}
   size_t MaxHeapSize                              = 1073741824                                {product} {command line}
   size_t MaxNewSize                               = 357564416                                 {product} {ergonomic}
   size_t MinHeapDeltaBytes                        = 524288                                    {product} {ergonomic}
   size_t NewSize                                  = 34603008                                  {product} {ergonomic}
    uintx NonNMethodCodeHeapSize                   = 5836300                                {pd product} {ergonomic}
    uintx NonProfiledCodeHeapSize                  = 122910970                              {pd product} {ergonomic}
   size_t OldSize                                  = 70254592                                  {product} {ergonomic}
    uintx ProfiledCodeHeapSize                     = 122910970                              {pd product} {ergonomic}
    uintx ReservedCodeCacheSize                    = 251658240                              {pd product} {ergonomic}
     bool SegmentedCodeCache                       = true                                      {product} {ergonomic}
     bool UseCompressedClassPointers               = true                                 {lp64_product} {ergonomic}
     bool UseCompressedOops                        = true                                 {lp64_product} {ergonomic}
     bool UseLargePagesIndividualAllocation        = false                                  {pd product} {ergonomic}
     bool UseParallelGC                            = true                                      {product} {command line}

Logging:
Log output configuration:
 #0: stdout all=warning uptime,level,tags
 #1: stderr all=off uptime,level,tags

Environment Variables:
JAVA_HOME=C:\Program Files\Java\jdk-11.0.12
JRE_HOME=C:\Program Files\Java\jre1.8.0_291
PATH=C:\Program Files (x86)\Common Files\Oracle\Java\javapath;C:\Python39\Scripts\;C:\Python39\;C:\Program Files\AdoptOpenJDK\jdk-11.0.8.10-hotspot\bin;C:\Windows\system32;C:\Windows;C:\Windows\System32\Wbem;C:\Windows\System32\WindowsPowerShell\v1.0\;C:\Windows\System32\OpenSSH\;C:\Program Files (x86)\NVIDIA Corporation\PhysX\Common;C:\Program Files\NVIDIA Corporation\NVIDIA NvDLISR;C:\Program Files\Microsoft VS Code\bin;C:\Program Files\nodejs\;C:\ProgramData\chocolatey\bin;C:\WINDOWS\system32;C:\WINDOWS;C:\WINDOWS\System32\Wbem;C:\WINDOWS\System32\WindowsPowerShell\v1.0\;C:\WINDOWS\System32\OpenSSH\;C:\Program Files\Git\cmd;C:\users\monta\appdata\roaming\python\python39\Scripts;C:\Program Files\Docker\Docker\resources\bin;C:\ProgramData\DockerDesktop\version-bin;C:\Program Files\Java\jdk-16.0.1\bin;C:\Program Files\Java\jdk-11.0.12\bin;C:\xampp\tomcat\bin;C:\Program Files\Java\jre1.8.0_291\bin;C:\apps\apache-maven-3.8.1\bin;C:\Users\monta\AppData\Local\Microsoft\WindowsApps;C:\Program Files\CodeBlocks\MinGW\bin;C:\Users\monta\AppData\Roaming\npm;C:\Users\monta\AppData\Local\Programs\Microsoft VS Code\bin;C:\Program Files\heroku\bin;;C:\Program Files\JetBrains\IntelliJ IDEA Community Edition 2021.2\bin;
USERNAME=monta
OS=Windows_NT
PROCESSOR_IDENTIFIER=Intel64 Family 6 Model 158 Stepping 10, GenuineIntel



---------------  S Y S T E M  ---------------

OS: Windows 10 , 64 bit Build 19041 (10.0.19041.1151)
Hyper-V role detected

CPU:total 8 (initial active 8) (4 cores per cpu, 2 threads per core) family 6 model 158 stepping 10 microcode 0xde, cmov, cx8, fxsr, mmx, sse, sse2, sse3, ssse3, sse4.1, sse4.2, popcnt, avx, avx2, aes, clmul, erms, 3dnowpref, lzcnt, ht, tsc, tscinvbit, bmi1, bmi2, adx, fma

Memory: 4k page, system-wide physical 16235M (3067M free)
TotalPageFile size 16235M (AvailPageFile size 5M)
current process WorkingSet (physical memory assigned to process): 223M, peak: 223M
current process commit charge ("private bytes"): 315M, peak: 315M

vm_info: Java HotSpot(TM) 64-Bit Server VM (11.0.12+8-LTS-237) for windows-amd64 JRE (11.0.12+8-LTS-237), built on Jun  8 2021 11:25:59 by "mach5one" with MS VC++ 15.9 (VS2017)

END.
