#
# There is insufficient memory for the Java Runtime Environment to continue.
# Native memory allocation (mmap) failed to map 266338304 bytes for G1 virtual space
# Possible reasons:
#   The system is out of physical RAM or swap space
#   The process is running with CompressedOops enabled, and the Java Heap may be blocking the growth of the native heap
# Possible solutions:
#   Reduce memory load on the system
#   Increase physical memory or swap space
#   Check if swap backing store is full
#   Decrease Java heap size (-Xmx/-Xms)
#   Decrease number of Java threads
#   Decrease Java thread stack sizes (-Xss)
#   Set larger code cache with -XX:ReservedCodeCacheSize=
#   JVM is running with Zero Based Compressed Oops mode in which the Java heap is
#     placed in the first 32GB address space. The Java Heap base address is the
#     maximum limit for the native heap growth. Please use -XX:HeapBaseMinAddress
#     to set the Java Heap base and to place the Java Heap above 32GB virtual address.
# This output file may be truncated or incomplete.
#
#  Out of Memory Error (os_windows.cpp:3466), pid=13604, tid=11184
#
# JRE version:  (16.0.1+9) (build )
# Java VM: Java HotSpot(TM) 64-Bit Server VM (16.0.1+9-24, mixed mode, sharing, tiered, compressed oops, compressed class ptrs, g1 gc, windows-amd64)
# No core dump will be written. Minidumps are not enabled by default on client versions of Windows
#

---------------  S U M M A R Y ------------

Command Line: -XX:TieredStopAtLevel=1 com.datasphera.drools.DroolsApplication

Host: Intel(R) Core(TM) i5-8300H CPU @ 2.30GHz, 8 cores, 15G,  Windows 10 , 64 bit Build 19041 (10.0.19041.1023)
Time: Mon Jul 26 14:01:32 2021 Afr. centrale Ouest elapsed time: 0.013720 seconds (0d 0h 0m 0s)

---------------  T H R E A D  ---------------

Current thread (0x000001d07c57a550):  JavaThread "Unknown thread" [_thread_in_vm, id=11184, stack(0x0000006c7f500000,0x0000006c7f600000)]

Stack: [0x0000006c7f500000,0x0000006c7f600000]
Native frames: (J=compiled Java code, j=interpreted, Vv=VM code, C=native code)
V  [jvm.dll+0x6687ca]
V  [jvm.dll+0x7ca3c9]
V  [jvm.dll+0x7cbb53]
V  [jvm.dll+0x7cc1b3]
V  [jvm.dll+0x242ea5]
V  [jvm.dll+0x665589]
V  [jvm.dll+0x65a175]
V  [jvm.dll+0x2fc5ab]
V  [jvm.dll+0x3037a6]
V  [jvm.dll+0x352fee]
V  [jvm.dll+0x35321f]
V  [jvm.dll+0x2d3618]
V  [jvm.dll+0x2d4854]
V  [jvm.dll+0x79ccb1]
V  [jvm.dll+0x360de1]
V  [jvm.dll+0x77a990]
V  [jvm.dll+0x3e55af]
V  [jvm.dll+0x3e7081]
C  [jli.dll+0x52fb]
C  [ucrtbase.dll+0x21bb2]
C  [KERNEL32.DLL+0x17034]
C  [ntdll.dll+0x52651]


---------------  P R O C E S S  ---------------

Threads class SMR info:
_java_thread_list=0x00007ffe139bcbb8, length=0, elements={
}

Java Threads: ( => current thread )

Other Threads:
  0x000001d07c5c77e0 GCTaskThread "GC Thread#0" [stack: 0x0000006c7f600000,0x0000006c7f700000] [id=16692]
  0x000001d07c5d9500 ConcurrentGCThread "G1 Main Marker" [stack: 0x0000006c7f700000,0x0000006c7f800000] [id=764]
  0x000001d07c5d9e80 ConcurrentGCThread "G1 Conc#0" [stack: 0x0000006c7f800000,0x0000006c7f900000] [id=11508]

[error occurred during error reporting (printing all threads), id 0xc0000005, EXCEPTION_ACCESS_VIOLATION (0xc0000005) at pc=0x00007ffe131944d7]

VM state: not at safepoint (not fully initialized)

VM Mutex/Monitor currently owned by a thread:  ([mutex/lock_event])
[0x000001d07c575c30] Heap_lock - owner thread: 0x000001d07c57a550

Heap address: 0x0000000702400000, size: 4060 MB, Compressed Oops mode: Zero based, Oop shift amount: 3

CDS archive(s) mapped at: [0x0000000000000000-0x0000000000000000-0x0000000000000000), size 0, SharedBaseAddress: 0x0000000800000000, ArchiveRelocationMode: 0.
Narrow klass base: 0x0000000000000000, Narrow klass shift: 0, Narrow klass range: 0x0

GC Precious Log:
<Empty>

Heap:
 garbage-first heap   total 0K, used 0K [0x0000000702400000, 0x0000000800000000)
  region size 2048K, 0 young (0K), 0 survivors (0K)

[error occurred during error reporting (printing heap information), id 0xc0000005, EXCEPTION_ACCESS_VIOLATION (0xc0000005) at pc=0x00007ffe135724ed]

GC Heap History (0 events):
No events

Deoptimization events (0 events):
No events

Classes unloaded (0 events):
No events

Classes redefined (0 events):
No events

Internal exceptions (0 events):
No events

Events (1 events):
Event: 0.006 Loaded shared library C:\Program Files\Java\jdk-16.0.1\bin\java.dll


Dynamic libraries:
0x00007ff650cf0000 - 0x00007ff650d00000 	C:\Program Files\Java\jdk-16.0.1\bin\java.exe
0x00007ffe62ab0000 - 0x00007ffe62ca5000 	C:\WINDOWS\SYSTEM32\ntdll.dll
0x00007ffe61720000 - 0x00007ffe617dd000 	C:\WINDOWS\System32\KERNEL32.DLL
0x00007ffe60820000 - 0x00007ffe60ae9000 	C:\WINDOWS\System32\KERNELBASE.dll
0x00007ffe605e0000 - 0x00007ffe606e0000 	C:\WINDOWS\System32\ucrtbase.dll
0x00007ffe4a990000 - 0x00007ffe4a9a8000 	C:\Program Files\Java\jdk-16.0.1\bin\jli.dll
0x00007ffe4a3d0000 - 0x00007ffe4a3e9000 	C:\Program Files\Java\jdk-16.0.1\bin\VCRUNTIME140.dll
0x00007ffe61cf0000 - 0x00007ffe61d9c000 	C:\WINDOWS\System32\ADVAPI32.dll
0x00007ffe61ad0000 - 0x00007ffe61b6e000 	C:\WINDOWS\System32\msvcrt.dll
0x00007ffe61b70000 - 0x00007ffe61c0b000 	C:\WINDOWS\System32\sechost.dll
0x00007ffe62250000 - 0x00007ffe6237a000 	C:\WINDOWS\System32\RPCRT4.dll
0x00007ffe61340000 - 0x00007ffe614e0000 	C:\WINDOWS\System32\USER32.dll
0x00007ffe4aef0000 - 0x00007ffe4b18a000 	C:\WINDOWS\WinSxS\amd64_microsoft.windows.common-controls_6595b64144ccf1df_6.0.19041.1110_none_60b5254171f9507e\COMCTL32.dll
0x00007ffe60340000 - 0x00007ffe60362000 	C:\WINDOWS\System32\win32u.dll
0x00007ffe60af0000 - 0x00007ffe60b1a000 	C:\WINDOWS\System32\GDI32.dll
0x00007ffe60370000 - 0x00007ffe6047b000 	C:\WINDOWS\System32\gdi32full.dll
0x00007ffe601c0000 - 0x00007ffe6025d000 	C:\WINDOWS\System32\msvcp_win.dll
0x00007ffe589b0000 - 0x00007ffe589ba000 	C:\WINDOWS\SYSTEM32\VERSION.dll
0x00007ffe61310000 - 0x00007ffe61340000 	C:\WINDOWS\System32\IMM32.DLL
0x00007ffe58240000 - 0x00007ffe5824c000 	C:\Program Files\Java\jdk-16.0.1\bin\vcruntime140_1.dll
0x00007ffe23d90000 - 0x00007ffe23e21000 	C:\Program Files\Java\jdk-16.0.1\bin\msvcp140.dll
0x00007ffe12eb0000 - 0x00007ffe13a5b000 	C:\Program Files\Java\jdk-16.0.1\bin\server\jvm.dll
0x00007ffe61910000 - 0x00007ffe61918000 	C:\WINDOWS\System32\PSAPI.DLL
0x00007ffe48cd0000 - 0x00007ffe48cf7000 	C:\WINDOWS\SYSTEM32\WINMM.dll
0x00007ffe4c0d0000 - 0x00007ffe4c0d9000 	C:\WINDOWS\SYSTEM32\WSOCK32.dll
0x00007ffe629d0000 - 0x00007ffe62a3b000 	C:\WINDOWS\System32\WS2_32.dll
0x00007ffe5e0b0000 - 0x00007ffe5e0c2000 	C:\WINDOWS\SYSTEM32\kernel.appcore.dll
0x00007ffe58100000 - 0x00007ffe5810a000 	C:\Program Files\Java\jdk-16.0.1\bin\jimage.dll
0x00007ffe59350000 - 0x00007ffe59534000 	C:\WINDOWS\SYSTEM32\DBGHELP.DLL
0x00007ffe4bd80000 - 0x00007ffe4bdac000 	C:\WINDOWS\SYSTEM32\dbgcore.DLL
0x00007ffe606e0000 - 0x00007ffe60763000 	C:\WINDOWS\System32\bcryptPrimitives.dll
0x00007ffe42de0000 - 0x00007ffe42e05000 	C:\Program Files\Java\jdk-16.0.1\bin\java.dll

dbghelp: loaded successfully - version: 4.0.5 - missing functions: none
symbol engine: initialized successfully - sym options: 0x614 - pdb path: .;C:\Program Files\Java\jdk-16.0.1\bin;C:\WINDOWS\SYSTEM32;C:\WINDOWS\WinSxS\amd64_microsoft.windows.common-controls_6595b64144ccf1df_6.0.19041.1110_none_60b5254171f9507e;C:\Program Files\Java\jdk-16.0.1\bin\server

VM Arguments:
jvm_args: -XX:TieredStopAtLevel=1 
java_command: com.datasphera.drools.DroolsApplication
java_class_path (initial): C:\Users\monta\Desktop\DataSphera\drools\target\classes;C:\Users\monta\.m2\repository\org\springframework\data\spring-data-rest-webmvc\3.5.2\spring-data-rest-webmvc-3.5.2.jar;C:\Users\monta\.m2\repository\org\springframework\data\spring-data-rest-core\3.5.2\spring-data-rest-core-3.5.2.jar;C:\Users\monta\.m2\repository\org\springframework\hateoas\spring-hateoas\1.3.2\spring-hateoas-1.3.2.jar;C:\Users\monta\.m2\repository\org\springframework\data\spring-data-commons\2.5.2\spring-data-commons-2.5.2.jar;C:\Users\monta\.m2\repository\org\springframework\plugin\spring-plugin-core\2.0.0.RELEASE\spring-plugin-core-2.0.0.RELEASE.jar;C:\Users\monta\.m2\repository\org\atteo\evo-inflector\1.2.2\evo-inflector-1.2.2.jar;C:\Users\monta\.m2\repository\com\fasterxml\jackson\core\jackson-databind\2.12.3\jackson-databind-2.12.3.jar;C:\Users\monta\.m2\repository\com\fasterxml\jackson\core\jackson-core\2.12.3\jackson-core-2.12.3.jar;C:\Users\monta\.m2\repository\com\fasterxml\jackson\core\jackson-annotations\2.12.3\jackson-annotations-2.12.3.jar;C:\Users\monta\.m2\repository\org\springframework\boot\spring-boot\2.5.2\spring-boot-2.5.2.jar;C:\Users\monta\.m2\repository\org\springframework\boot\spring-boot-autoconfigure\2.5.2\spring-boot-autoconfigure-2.5.2.jar;C:\Users\monta\.m2\repository\ch\qos\logback\logback-classic\1.2.3\logback-classic-1.2.3.jar;C:\Users\monta\.m2\repository\ch\qos\logback\logback-core\1.2.3\logback-core-1.2.3.jar;C:\Users\monta\.m2\repository\org\apache\logging\log4j\log4j-to-slf4j\2.14.1\log4j-to-slf4j-2.14.1.jar;C:\Users\monta\.m2\repository\org\apache\logging\log4j\log4j-api\2.14.1\log4j-api-2.14.1.jar;C:\Users\monta\.m2\repository\org\slf4j\jul-to-slf4j\1.7.31\jul-to-slf4j-1.7.31.jar;C:\Users\monta\.m2\repository\org\yaml\snakeyaml\1.28\snakeyaml-1.28.jar;C:\Users\monta\.m2\repository\com\fasterxml\jackson\datatype\jackson-datatype-jdk8\2.12.3\jackson-datatype-jdk8-2.12.3.jar;C:\Users\monta\.m2\repository\com\fasterxml\jackson\data
Launcher Type: SUN_STANDARD

[Global flags]
     intx CICompilerCount                          = 4                                         {product} {ergonomic}
     uint ConcGCThreads                            = 2                                         {product} {ergonomic}
     uint G1ConcRefinementThreads                  = 8                                         {product} {ergonomic}
   size_t G1HeapRegionSize                         = 2097152                                   {product} {ergonomic}
    uintx GCDrainStackTargetSize                   = 64                                        {product} {ergonomic}
   size_t InitialHeapSize                          = 266338304                                 {product} {ergonomic}
   size_t MarkStackSize                            = 4194304                                   {product} {ergonomic}
   size_t MaxHeapSize                              = 4257218560                                {product} {ergonomic}
   size_t MinHeapDeltaBytes                        = 2097152                                   {product} {ergonomic}
   size_t MinHeapSize                              = 8388608                                   {product} {ergonomic}
    uintx NonNMethodCodeHeapSize                   = 7549744                                {pd product} {ergonomic}
    uintx NonProfiledCodeHeapSize                  = 244108496                              {pd product} {ergonomic}
    uintx ProfiledCodeHeapSize                     = 0                                      {pd product} {ergonomic}
    uintx ReservedCodeCacheSize                    = 251658240                              {pd product} {ergonomic}
     bool SegmentedCodeCache                       = true                                      {product} {ergonomic}
   size_t SoftMaxHeapSize                          = 4257218560                             {manageable} {ergonomic}
     intx TieredStopAtLevel                        = 1                                         {product} {command line}
     bool UseCompressedClassPointers               = true                           {product lp64_product} {ergonomic}
     bool UseCompressedOops                        = true                           {product lp64_product} {ergonomic}
     bool UseG1GC                                  = true                                      {product} {ergonomic}
     bool UseLargePagesIndividualAllocation        = false                                  {pd product} {ergonomic}

Logging:
Log output configuration:
 #0: stdout all=warning uptime,level,tags
 #1: stderr all=off uptime,level,tags

Environment Variables:
JAVA_HOME=C:\Program Files\Java\jdk-16.0.1
PATH=C:\Program Files (x86)\Common Files\Oracle\Java\javapath;C:\Python39\Scripts\;C:\Python39\;C:\Program Files\AdoptOpenJDK\jdk-11.0.8.10-hotspot\bin;C:\Windows\system32;C:\Windows;C:\Windows\System32\Wbem;C:\Windows\System32\WindowsPowerShell\v1.0\;C:\Windows\System32\OpenSSH\;C:\Program Files (x86)\NVIDIA Corporation\PhysX\Common;C:\Program Files\NVIDIA Corporation\NVIDIA NvDLISR;C:\Program Files\Microsoft VS Code\bin;C:\Program Files\nodejs\;C:\ProgramData\chocolatey\bin;C:\WINDOWS\system32;C:\WINDOWS;C:\WINDOWS\System32\Wbem;C:\WINDOWS\System32\WindowsPowerShell\v1.0\;C:\WINDOWS\System32\OpenSSH\;C:\Program Files\Git\cmd;C:\users\monta\appdata\roaming\python\python39\Scripts;C:\Program Files\Docker\Docker\resources\bin;C:\ProgramData\DockerDesktop\version-bin;C:\Program Files\Java\jdk-16.0.1\bin;C:\Program Files\Java\jdk-16.0.1\bin;C:\xampp\tomcat\bin;C:\Program Files\Java\jre1.8.0_291\bin;C:\apps\apache-maven-3.8.1\bin;C:\Users\monta\AppData\Local\Microsoft\WindowsApps;C:\Program Files\CodeBlocks\MinGW\bin;C:\Users\monta\AppData\Roaming\npm;C:\Users\monta\AppData\Local\Programs\Microsoft VS Code\bin;C:\Program Files\heroku\bin;
USERNAME=monta
OS=Windows_NT
PROCESSOR_IDENTIFIER=Intel64 Family 6 Model 158 Stepping 10, GenuineIntel



---------------  S Y S T E M  ---------------

OS:
 Windows 10 , 64 bit Build 19041 (10.0.19041.1023)
OS uptime: 3 days 19:34 hours
Hyper-V role detected

CPU: total 8 (initial active 8) (4 cores per cpu, 2 threads per core) family 6 model 158 stepping 10 microcode 0xde, cx8, cmov, fxsr, ht, mmx, 3dnowpref, sse, sse2, sse3, ssse3, sse4.1, sse4.2, popcnt, lzcnt, tsc, tscinvbit, avx, avx2, aes, erms, clmul, bmi1, bmi2, adx, fma, vzeroupper, clflush, clflushopt, hv

Memory: 4k page, system-wide physical 16235M (2870M free)
TotalPageFile size 16235M (AvailPageFile size 213M)
current process WorkingSet (physical memory assigned to process): 10M, peak: 10M
current process commit charge ("private bytes"): 57M, peak: 311M

vm_info: Java HotSpot(TM) 64-Bit Server VM (16.0.1+9-24) for windows-amd64 JRE (16.0.1+9-24), built on Mar 26 2021 19:31:42 by "mach5one" with MS VC++ 16.7 (VS2019)

END.
