#
# There is insufficient memory for the Java Runtime Environment to continue.
# Native memory allocation (mmap) failed to map 65536 bytes for Failed to commit metaspace.
# Possible reasons:
#   The system is out of physical RAM or swap space
#   The process is running with CompressedOops enabled, and the Java Heap may be blocking the growth of the native heap
# Possible solutions:
#   Reduce memory load on the system
#   Increase physical memory or swap space
#   Check if swap backing store is full
#   Decrease Java heap size (-Xmx/-Xms)
#   Decrease number of Java threads
#   Decrease Java thread stack sizes (-Xss)
#   Set larger code cache with -XX:ReservedCodeCacheSize=
#   JVM is running with Unscaled Compressed Oops mode in which the Java heap is
#     placed in the first 4GB address space. The Java Heap base address is the
#     maximum limit for the native heap growth. Please use -XX:HeapBaseMinAddress
#     to set the Java Heap base and to place the Java Heap above 4GB virtual address.
# This output file may be truncated or incomplete.
#
#  Out of Memory Error (virtualSpaceNode.cpp:108), pid=21800, tid=16172
#
# JRE version: Java(TM) SE Runtime Environment (16.0.1+9) (build 16.0.1+9-24)
# Java VM: Java HotSpot(TM) 64-Bit Server VM (16.0.1+9-24, mixed mode, sharing, tiered, compressed oops, compressed class ptrs, parallel gc, windows-amd64)
# No core dump will be written. Minidumps are not enabled by default on client versions of Windows
#

---------------  S U M M A R Y ------------

Command Line: --add-modules=ALL-SYSTEM --add-opens=java.base/java.util=ALL-UNNAMED --add-opens=java.base/java.lang=ALL-UNNAMED -Declipse.application=org.eclipse.jdt.ls.core.id1 -Dosgi.bundles.defaultStartLevel=4 -Declipse.product=org.eclipse.jdt.ls.core.product -Dfile.encoding=utf8 -DwatchParentProcess=false -XX:+UseParallelGC -XX:GCTimeRatio=4 -XX:AdaptiveSizePolicyWeight=90 -Dsun.zip.disableMemoryMapping=true -Xmx1G -Xms100m c:\Users\monta\.vscode\extensions\redhat.java-0.80.0\server\plugins\org.eclipse.equinox.launcher_1.6.200.v20210416-2027.jar -configuration c:\Users\monta\AppData\Roaming\Code\User\globalStorage\redhat.java\0.80.0\config_ss_win -data c:\Users\monta\AppData\Roaming\Code\User\workspaceStorage\9a15de41cb54808227a37ed8d1d15138\redhat.java\ss_ws

Host: Intel(R) Core(TM) i5-8300H CPU @ 2.30GHz, 8 cores, 15G,  Windows 10 , 64 bit Build 19041 (10.0.19041.1023)
Time: Mon Jul 26 14:00:28 2021 Afr. centrale Ouest elapsed time: 2.306007 seconds (0d 0h 0m 2s)

---------------  T H R E A D  ---------------

Current thread (0x00000225dc5fc010):  JavaThread "Worker-1: Initialize Workspace" [_thread_in_vm, id=16172, stack(0x000000f480200000,0x000000f480300000)]

Stack: [0x000000f480200000,0x000000f480300000]
Native frames: (J=compiled Java code, j=interpreted, Vv=VM code, C=native code)
V  [jvm.dll+0x6687ca]
V  [jvm.dll+0x7ca3c9]
V  [jvm.dll+0x7cbb53]
V  [jvm.dll+0x7cc1b3]
V  [jvm.dll+0x242ea5]
V  [jvm.dll+0x7c6a4b]
V  [jvm.dll+0x60e436]
V  [jvm.dll+0x1be93e]
V  [jvm.dll+0x610b91]
V  [jvm.dll+0x60ed31]
V  [jvm.dll+0x362f4a]
V  [jvm.dll+0x1e113f]
V  [jvm.dll+0x536752]
V  [jvm.dll+0x743011]
V  [jvm.dll+0x40775f]
V  [jvm.dll+0x40da82]
C  [java.dll+0x17c8]

Java frames: (J=compiled Java code, j=interpreted, Vv=VM code)
J 1012  java.lang.ClassLoader.defineClass1(Ljava/lang/ClassLoader;Ljava/lang/String;[BIILjava/security/ProtectionDomain;Ljava/lang/String;)Ljava/lang/Class; java.base@16.0.1 (0 bytes) @ 0x00000225d00285eb [0x00000225d0028520+0x00000000000000cb]
J 1390 c1 java.lang.ClassLoader.defineClass(Ljava/lang/String;[BIILjava/security/ProtectionDomain;)Ljava/lang/Class; java.base@16.0.1 (43 bytes) @ 0x00000225c8d0aefc [0x00000225c8d0aba0+0x000000000000035c]
J 1719 c1 org.eclipse.osgi.internal.loader.ModuleClassLoader.defineClass(Ljava/lang/String;[BLorg/eclipse/osgi/internal/loader/classpath/ClasspathEntry;)Lorg/eclipse/osgi/internal/loader/ModuleClassLoader$DefineClassResult; (138 bytes) @ 0x00000225c8de0464 [0x00000225c8de0160+0x0000000000000304]
J 1636 c1 org.eclipse.osgi.internal.loader.classpath.ClasspathManager.defineClass(Ljava/lang/String;[BLorg/eclipse/osgi/internal/loader/classpath/ClasspathEntry;Lorg/eclipse/osgi/storage/bundlefile/BundleEntry;Ljava/util/List;)Ljava/lang/Class; (636 bytes) @ 0x00000225c8dafb74 [0x00000225c8dadfe0+0x0000000000001b94]
J 1637 c1 org.eclipse.osgi.internal.loader.classpath.ClasspathManager.findClassImpl(Ljava/lang/String;Lorg/eclipse/osgi/internal/loader/classpath/ClasspathEntry;Ljava/util/List;)Ljava/lang/Class; (308 bytes) @ 0x00000225c8db5f0c [0x00000225c8db3320+0x0000000000002bec]
J 1641 c1 org.eclipse.osgi.internal.loader.classpath.ClasspathManager.findLocalClassImpl(Ljava/lang/String;[Lorg/eclipse/osgi/internal/loader/classpath/ClasspathEntry;Ljava/util/List;)Ljava/lang/Class; (55 bytes) @ 0x00000225c8db9cec [0x00000225c8db9b60+0x000000000000018c]
J 1701 c1 org.eclipse.osgi.internal.loader.classpath.ClasspathManager.findLocalClassImpl(Ljava/lang/String;Ljava/util/List;)Ljava/lang/Class; (139 bytes) @ 0x00000225c8dd493c [0x00000225c8dd43e0+0x000000000000055c]
J 1537 c1 org.eclipse.osgi.internal.loader.classpath.ClasspathManager.findLocalClass(Ljava/lang/String;)Ljava/lang/Class; (210 bytes) @ 0x00000225c8d675ac [0x00000225c8d667c0+0x0000000000000dec]
J 1450 c1 org.eclipse.osgi.internal.loader.BundleLoader.findLocalClass(Ljava/lang/String;)Ljava/lang/Class; (152 bytes) @ 0x00000225c8d295b4 [0x00000225c8d28ca0+0x0000000000000914]
J 1378 c1 org.eclipse.osgi.internal.loader.BundleLoader.findClass(Ljava/lang/String;)Ljava/lang/Class; (531 bytes) @ 0x00000225c8cfe60c [0x00000225c8cfb840+0x0000000000002dcc]
J 1422 c1 org.eclipse.osgi.internal.loader.ModuleClassLoader.loadClass(Ljava/lang/String;Z)Ljava/lang/Class; (119 bytes) @ 0x00000225c8d18c5c [0x00000225c8d182c0+0x000000000000099c]
J 864 c1 java.lang.ClassLoader.loadClass(Ljava/lang/String;)Ljava/lang/Class; java.base@16.0.1 (7 bytes) @ 0x00000225c8bef44c [0x00000225c8bef340+0x000000000000010c]
v  ~StubRoutines::call_stub
j  org.eclipse.jdt.internal.launching.LaunchingPlugin.start(Lorg/osgi/framework/BundleContext;)V+44
j  org.eclipse.osgi.internal.framework.BundleContextImpl$2.run()Ljava/lang/Void;+23
j  org.eclipse.osgi.internal.framework.BundleContextImpl$2.run()Ljava/lang/Object;+1
J 994 c1 java.security.AccessController.executePrivileged(Ljava/security/PrivilegedExceptionAction;Ljava/security/AccessControlContext;Ljava/lang/Class;)Ljava/lang/Object; java.base@16.0.1 (65 bytes) @ 0x00000225c8c32644 [0x00000225c8c324e0+0x0000000000000164]
j  java.security.AccessController.doPrivileged(Ljava/security/PrivilegedExceptionAction;)Ljava/lang/Object;+9 java.base@16.0.1
j  org.eclipse.osgi.internal.framework.BundleContextImpl.startActivator(Lorg/osgi/framework/BundleActivator;)V+9
j  org.eclipse.osgi.internal.framework.BundleContextImpl.start()V+134
j  org.eclipse.osgi.internal.framework.EquinoxBundle.startWorker0()V+35
j  org.eclipse.osgi.internal.framework.EquinoxBundle$EquinoxModule.startWorker()V+4
j  org.eclipse.osgi.container.Module.doStart([Lorg/eclipse/osgi/container/Module$StartOptions;)Lorg/eclipse/osgi/container/ModuleContainerAdaptor$ModuleEvent;+190
J 1722 c1 org.eclipse.osgi.container.Module.start([Lorg/eclipse/osgi/container/Module$StartOptions;)V (655 bytes) @ 0x00000225c8de5b64 [0x00000225c8de3b20+0x0000000000002044]
J 1831 c1 org.eclipse.osgi.framework.util.SecureAction.start(Lorg/eclipse/osgi/container/Module;[Lorg/eclipse/osgi/container/Module$StartOptions;)V (58 bytes) @ 0x00000225c8e222ec [0x00000225c8e220e0+0x000000000000020c]
J 1452 c1 org.eclipse.osgi.internal.hooks.EclipseLazyStarter.postFindLocalClass(Ljava/lang/String;Ljava/lang/Class;Lorg/eclipse/osgi/internal/loader/classpath/ClasspathManager;)V (394 bytes) @ 0x00000225c8d2c654 [0x00000225c8d2b600+0x0000000000001054]
J 1537 c1 org.eclipse.osgi.internal.loader.classpath.ClasspathManager.findLocalClass(Ljava/lang/String;)Ljava/lang/Class; (210 bytes) @ 0x00000225c8d6790c [0x00000225c8d667c0+0x000000000000114c]
J 1450 c1 org.eclipse.osgi.internal.loader.BundleLoader.findLocalClass(Ljava/lang/String;)Ljava/lang/Class; (152 bytes) @ 0x00000225c8d295b4 [0x00000225c8d28ca0+0x0000000000000914]
J 1378 c1 org.eclipse.osgi.internal.loader.BundleLoader.findClass(Ljava/lang/String;)Ljava/lang/Class; (531 bytes) @ 0x00000225c8cfe60c [0x00000225c8cfb840+0x0000000000002dcc]
J 1422 c1 org.eclipse.osgi.internal.loader.ModuleClassLoader.loadClass(Ljava/lang/String;Z)Ljava/lang/Class; (119 bytes) @ 0x00000225c8d18c5c [0x00000225c8d182c0+0x000000000000099c]
J 864 c1 java.lang.ClassLoader.loadClass(Ljava/lang/String;)Ljava/lang/Class; java.base@16.0.1 (7 bytes) @ 0x00000225c8bef44c [0x00000225c8bef340+0x000000000000010c]
j  org.eclipse.osgi.internal.framework.EquinoxBundle.loadClass(Ljava/lang/String;)Ljava/lang/Class;+97
j  org.eclipse.core.internal.registry.osgi.RegistryStrategyOSGI.createExecutableExtension(Lorg/eclipse/core/runtime/spi/RegistryContributor;Ljava/lang/String;Ljava/lang/String;)Ljava/lang/Object;+66
j  org.eclipse.core.internal.registry.ExtensionRegistry.createExecutableExtension(Lorg/eclipse/core/runtime/spi/RegistryContributor;Ljava/lang/String;Ljava/lang/String;)Ljava/lang/Object;+7
j  org.eclipse.core.internal.registry.ConfigurationElement.createExecutableExtension(Ljava/lang/String;)Ljava/lang/Object;+315
j  org.eclipse.core.internal.registry.ConfigurationElementHandle.createExecutableExtension(Ljava/lang/String;)Ljava/lang/Object;+5
j  org.eclipse.jdt.core.JavaCore.computeClasspathContainerInitializer(Ljava/lang/String;)Lorg/eclipse/jdt/core/ClasspathContainerInitializer;+108
j  org.eclipse.jdt.core.JavaCore.getClasspathContainerInitializer(Ljava/lang/String;)Lorg/eclipse/jdt/core/ClasspathContainerInitializer;+21
j  org.eclipse.jdt.internal.core.JavaModelManager.initializeContainer(Lorg/eclipse/jdt/core/IJavaProject;Lorg/eclipse/core/runtime/IPath;)Lorg/eclipse/jdt/core/IClasspathContainer;+36
j  org.eclipse.jdt.internal.core.JavaModelManager.getClasspathContainer(Lorg/eclipse/core/runtime/IPath;Lorg/eclipse/jdt/core/IJavaProject;)Lorg/eclipse/jdt/core/IClasspathContainer;+47
j  org.eclipse.jdt.core.JavaCore.getClasspathContainer(Lorg/eclipse/core/runtime/IPath;Lorg/eclipse/jdt/core/IJavaProject;)Lorg/eclipse/jdt/core/IClasspathContainer;+7
j  org.eclipse.jdt.internal.core.JavaProject.resolveClasspath([Lorg/eclipse/jdt/core/IClasspathEntry;[Lorg/eclipse/jdt/core/IClasspathEntry;ZZ)Lorg/eclipse/jdt/internal/core/JavaProject$ResolvedClasspath;+524
j  org.eclipse.jdt.internal.core.JavaProject.resolveClasspath(Lorg/eclipse/jdt/internal/core/JavaModelManager$PerProjectInfo;ZZ)V+104
j  org.eclipse.jdt.internal.core.JavaProject.getResolvedClasspath()[Lorg/eclipse/jdt/core/IClasspathEntry;+18
j  org.eclipse.jdt.internal.core.JavaProject.buildStructure(Lorg/eclipse/jdt/internal/core/OpenableElementInfo;Lorg/eclipse/core/runtime/IProgressMonitor;Ljava/util/Map;Lorg/eclipse/core/resources/IResource;)Z+1
j  org.eclipse.jdt.internal.core.Openable.generateInfos(Ljava/lang/Object;Ljava/util/HashMap;Lorg/eclipse/core/runtime/IProgressMonitor;)V+222
j  org.eclipse.jdt.internal.core.JavaElement.openWhenClosed(Ljava/lang/Object;ZLorg/eclipse/core/runtime/IProgressMonitor;)Ljava/lang/Object;+24
j  org.eclipse.jdt.internal.core.JavaElement.getElementInfo(Lorg/eclipse/core/runtime/IProgressMonitor;)Ljava/lang/Object;+23
j  org.eclipse.jdt.internal.core.JavaElement.getElementInfo()Ljava/lang/Object;+2
j  org.eclipse.jdt.internal.core.JavaElement.getChildren()[Lorg/eclipse/jdt/core/IJavaElement;+1
j  org.eclipse.jdt.internal.core.JavaProject.getPackageFragmentRoots()[Lorg/eclipse/jdt/core/IPackageFragmentRoot;+1
j  org.eclipse.jdt.internal.core.JavaProject.getPackageFragments()[Lorg/eclipse/jdt/core/IPackageFragment;+1
j  org.eclipse.jdt.ls.core.internal.managers.ProjectsManager.cleanupResources(Lorg/eclipse/core/resources/IProject;)V+11
j  org.eclipse.jdt.ls.core.internal.managers.ProjectsManager.initializeProjects(Ljava/util/Collection;Lorg/eclipse/core/runtime/IProgressMonitor;)V+35
j  org.eclipse.jdt.ls.core.internal.syntaxserver.SyntaxInitHandler$1.runInWorkspace(Lorg/eclipse/core/runtime/IProgressMonitor;)Lorg/eclipse/core/runtime/IStatus;+16
j  org.eclipse.core.internal.resources.InternalWorkspaceJob.run(Lorg/eclipse/core/runtime/IProgressMonitor;)Lorg/eclipse/core/runtime/IStatus;+37
j  org.eclipse.core.internal.jobs.Worker.run()V+33
v  ~StubRoutines::call_stub

---------------  P R O C E S S  ---------------

Threads class SMR info:
_java_thread_list=0x00000225ddcf5db0, length=24, elements={
0x00000225c0d7ed90, 0x00000225d96ab210, 0x00000225d96ac780, 0x00000225d96bce20,
0x00000225d96bdbf0, 0x00000225d96c0010, 0x00000225d96c1400, 0x00000225d96c8180,
0x00000225d96eeb00, 0x00000225d96f8c30, 0x00000225d9580090, 0x00000225dbf03470,
0x00000225dc46bf30, 0x00000225dc562f10, 0x00000225dc563ac0, 0x00000225dc6c9d60,
0x00000225dc6f4460, 0x00000225dc5fb570, 0x00000225dc5fa030, 0x00000225dc5fc010,
0x00000225dc5fa580, 0x00000225dd9db4c0, 0x00000225dd9dba20, 0x00000225dc5f8af0
}

Java Threads: ( => current thread )
  0x00000225c0d7ed90 JavaThread "main" [_thread_blocked, id=3876, stack(0x000000f4fe800000,0x000000f4fe900000)]
  0x00000225d96ab210 JavaThread "Reference Handler" daemon [_thread_blocked, id=15568, stack(0x000000f4feb00000,0x000000f4fec00000)]
  0x00000225d96ac780 JavaThread "Finalizer" daemon [_thread_blocked, id=18668, stack(0x000000f4fec00000,0x000000f4fed00000)]
  0x00000225d96bce20 JavaThread "Signal Dispatcher" daemon [_thread_blocked, id=296, stack(0x000000f4fed00000,0x000000f4fee00000)]
  0x00000225d96bdbf0 JavaThread "Attach Listener" daemon [_thread_blocked, id=2812, stack(0x000000f4fee00000,0x000000f4fef00000)]
  0x00000225d96c0010 JavaThread "Service Thread" daemon [_thread_blocked, id=13232, stack(0x000000f4fef00000,0x000000f4ff000000)]
  0x00000225d96c1400 JavaThread "Monitor Deflation Thread" daemon [_thread_blocked, id=5864, stack(0x000000f4ff000000,0x000000f4ff100000)]
  0x00000225d96c8180 JavaThread "C2 CompilerThread0" daemon [_thread_blocked, id=10048, stack(0x000000f4ff100000,0x000000f4ff200000)]
  0x00000225d96eeb00 JavaThread "C1 CompilerThread0" daemon [_thread_blocked, id=15416, stack(0x000000f4ff200000,0x000000f4ff300000)]
  0x00000225d96f8c30 JavaThread "Sweeper thread" daemon [_thread_blocked, id=2676, stack(0x000000f4ff300000,0x000000f4ff400000)]
  0x00000225d9580090 JavaThread "Common-Cleaner" daemon [_thread_blocked, id=17500, stack(0x000000f4ff400000,0x000000f4ff500000)]
  0x00000225dbf03470 JavaThread "Notification Thread" daemon [_thread_blocked, id=22480, stack(0x000000f4ff500000,0x000000f4ff600000)]
  0x00000225dc46bf30 JavaThread "Active Thread: Equinox Container: 8fe32145-fe4f-4fd9-b180-94d912cbce5d" [_thread_blocked, id=17568, stack(0x000000f4ff800000,0x000000f4ff900000)]
  0x00000225dc562f10 JavaThread "Framework Event Dispatcher: Equinox Container: 8fe32145-fe4f-4fd9-b180-94d912cbce5d" daemon [_thread_blocked, id=10696, stack(0x000000f4ff900000,0x000000f4ffa00000)]
  0x00000225dc563ac0 JavaThread "Start Level: Equinox Container: 8fe32145-fe4f-4fd9-b180-94d912cbce5d" daemon [_thread_blocked, id=9852, stack(0x000000f4ffa00000,0x000000f4ffb00000)]
  0x00000225dc6c9d60 JavaThread "SCR Component Actor" daemon [_thread_blocked, id=20560, stack(0x000000f4ffb00000,0x000000f4ffc00000)]
  0x00000225dc6f4460 JavaThread "Timer-0" daemon [_thread_blocked, id=13268, stack(0x000000f4fff00000,0x000000f500000000)]
  0x00000225dc5fb570 JavaThread "Worker-JM" [_thread_blocked, id=6160, stack(0x000000f480000000,0x000000f480100000)]
  0x00000225dc5fa030 JavaThread "Worker-0" [_thread_blocked, id=21244, stack(0x000000f480100000,0x000000f480200000)]
=>0x00000225dc5fc010 JavaThread "Worker-1: Initialize Workspace" [_thread_in_vm, id=16172, stack(0x000000f480200000,0x000000f480300000)]
  0x00000225dc5fa580 JavaThread "Worker-2" [_thread_blocked, id=652, stack(0x000000f480800000,0x000000f480900000)]
  0x00000225dd9db4c0 JavaThread "C2 CompilerThread1" daemon [_thread_blocked, id=21044, stack(0x000000f480700000,0x000000f480800000)]
  0x00000225dd9dba20 JavaThread "C2 CompilerThread2" daemon [_thread_blocked, id=10204, stack(0x000000f480900000,0x000000f480a00000)]
  0x00000225dc5f8af0 JavaThread "pool-1-thread-1" [_thread_in_vm, id=12256, stack(0x000000f480a00000,0x000000f480b00000)]

Other Threads:
  0x00000225d96a6650 VMThread "VM Thread" [stack: 0x000000f4fea00000,0x000000f4feb00000] [id=16228]
  0x00000225dbf03080 WatcherThread [stack: 0x000000f4ff600000,0x000000f4ff700000] [id=19248]
  0x00000225c0d99400 GCTaskThread "GC Thread#0" [stack: 0x000000f4fe900000,0x000000f4fea00000] [id=8920]
  0x00000225dbf9d250 GCTaskThread "GC Thread#1" [stack: 0x000000f4ffc00000,0x000000f4ffd00000] [id=1340]
  0x00000225dc6ca280 GCTaskThread "GC Thread#2" [stack: 0x000000f4ffd00000,0x000000f4ffe00000] [id=12784]
  0x00000225dc6ca590 GCTaskThread "GC Thread#3" [stack: 0x000000f4ffe00000,0x000000f4fff00000] [id=14340]
  0x00000225dd9f4850 GCTaskThread "GC Thread#4" [stack: 0x000000f480300000,0x000000f480400000] [id=15276]
  0x00000225dbf9f6a0 GCTaskThread "GC Thread#5" [stack: 0x000000f480400000,0x000000f480500000] [id=9056]
  0x00000225ddaad040 GCTaskThread "GC Thread#6" [stack: 0x000000f480500000,0x000000f480600000] [id=18372]
  0x00000225ddaad350 GCTaskThread "GC Thread#7" [stack: 0x000000f480600000,0x000000f480700000] [id=18988]

Threads with active compile tasks:

VM state: not at safepoint (normal execution)

VM Mutex/Monitor currently owned by a thread:  ([mutex/lock_event])
[0x00000225c0d7b230] MetaspaceExpand_lock - owner thread: 0x00000225dc5fc010

Heap address: 0x00000000c0000000, size: 1024 MB, Compressed Oops mode: 32-bit

CDS archive(s) mapped at: [0x0000000800000000-0x0000000800bb0000-0x0000000800bb0000), size 12255232, SharedBaseAddress: 0x0000000800000000, ArchiveRelocationMode: 0.
Compressed class space mapped at: 0x0000000800c00000-0x0000000840c00000, reserved size: 1073741824
Narrow klass base: 0x0000000800000000, Narrow klass shift: 3, Narrow klass range: 0x100000000

GC Precious Log:
 CPUs: 8 total, 8 available
 Memory: 16235M
 Large Page Support: Disabled
 NUMA Support: Disabled
 Compressed Oops: Enabled (32-bit)
 Alignments: Space 512K, Generation 512K, Heap 2M
 Heap Min Capacity: 100M
 Heap Initial Capacity: 100M
 Heap Max Capacity: 1G
 Pre-touch: Disabled
 Parallel Workers: 8

Heap:
 PSYoungGen      total 29696K, used 9072K [0x00000000eab00000, 0x00000000ecc00000, 0x0000000100000000)
  eden space 25600K, 35% used [0x00000000eab00000,0x00000000eb3dc328,0x00000000ec400000)
  from space 4096K, 0% used [0x00000000ec400000,0x00000000ec400000,0x00000000ec800000)
  to   space 4096K, 0% used [0x00000000ec800000,0x00000000ec800000,0x00000000ecc00000)
 ParOldGen       total 68608K, used 7959K [0x00000000c0000000, 0x00000000c4300000, 0x00000000eab00000)
  object space 68608K, 11% used [0x00000000c0000000,0x00000000c07c5cd0,0x00000000c4300000)
 Metaspace       used 23897K, committed 24448K, reserved 1073152K
  class space    used 2318K, committed 2560K, reserved 1048576K

Card table byte_map: [0x00000225c0740000,0x00000225c0950000] _byte_map_base: 0x00000225c0140000

Marking Bits: (ParMarkBitMap*) 0x00007ffe139a0b20
 Begin Bits: [0x00000225d7500000, 0x00000225d8500000)
 End Bits:   [0x00000225d8500000, 0x00000225d9500000)

Polling page: 0x00000225bed50000

Metaspace:

Usage:
  Non-class:     21.07 MB used.
      Class:      2.26 MB used.
       Both:     23.34 MB used.

Virtual space:
  Non-class space:       24.00 MB reserved,      21.38 MB ( 89%) committed,  3 nodes.
      Class space:        1.00 GB reserved,       2.50 MB ( <1%) committed,  1 nodes.
              Both:        1.02 GB reserved,      23.88 MB (  2%) committed. 

Chunk freelists:
   Non-Class:  2.27 MB
       Class:  1.50 MB
        Both:  3.76 MB

MaxMetaspaceSize: 17179869184.00 GB
CompressedClassSpaceSize: 1.00 GB
 - commit_granule_bytes: 65536.
 - commit_granule_words: 8192.
 - virtual_space_node_default_size: 1048576.
 - enlarge_chunks_in_place: 1.
 - new_chunks_are_fully_committed: 0.
 - uncommit_free_chunks: 1.
 - use_allocation_guard: 0.
 - handle_deallocations: 1.


Internal statistics:

num_allocs_failed_limit: 3.
num_arena_births: 188.
num_arena_deaths: 0.
num_vsnodes_births: 4.
num_vsnodes_deaths: 0.
num_space_committed: 382.
num_space_uncommitted: 0.
num_chunks_returned_to_freelist: 3.
num_chunks_taken_from_freelist: 1012.
num_chunk_merges: 3.
num_chunk_splits: 699.
num_chunks_enlarged: 499.
num_purges: 0.

CodeHeap 'non-profiled nmethods': size=120000Kb used=826Kb max_used=826Kb free=119173Kb
 bounds [0x00000225cffd0000, 0x00000225d0240000, 0x00000225d7500000]
CodeHeap 'profiled nmethods': size=120000Kb used=4735Kb max_used=4735Kb free=115264Kb
 bounds [0x00000225c8aa0000, 0x00000225c8f40000, 0x00000225cffd0000]
CodeHeap 'non-nmethods': size=5760Kb used=1253Kb max_used=1270Kb free=4506Kb
 bounds [0x00000225c8500000, 0x00000225c8770000, 0x00000225c8aa0000]
 total_blobs=2932 nmethods=2364 adapters=482
 compilation: enabled
              stopped_count=0, restarted_count=0
 full_count=0

Compilation events (20 events):
Event: 2.301 Thread 0x00000225d96eeb00 nmethod 2344 0x00000225c8f3ad10 code [0x00000225c8f3afa0, 0x00000225c8f3b9f8]
Event: 2.301 Thread 0x00000225d96eeb00 2352       1       com.google.gson.internal.$Gson$Types$ParameterizedTypeImpl::getRawType (5 bytes)
Event: 2.301 Thread 0x00000225d96eeb00 nmethod 2352 0x00000225d009c990 code [0x00000225d009cb20, 0x00000225d009cbf8]
Event: 2.301 Thread 0x00000225d96eeb00 2355       3       java.lang.reflect.Field::getGenericType (20 bytes)
Event: 2.302 Thread 0x00000225d96eeb00 nmethod 2355 0x00000225c8f3be10 code [0x00000225c8f3c0e0, 0x00000225c8f3d3c8]
Event: 2.302 Thread 0x00000225d96eeb00 2356       3       com.google.gson.internal.bind.ReflectiveTypeAdapterFactory$1::<init> (50 bytes)
Event: 2.303 Thread 0x00000225d96eeb00 nmethod 2356 0x00000225c8f3da10 code [0x00000225c8f3dbc0, 0x00000225c8f3de38]
Event: 2.303 Thread 0x00000225d96eeb00 2357       3       com.google.gson.internal.bind.ReflectiveTypeAdapterFactory$BoundField::<init> (20 bytes)
Event: 2.303 Thread 0x00000225d96eeb00 nmethod 2357 0x00000225c8f3df90 code [0x00000225c8f3e140, 0x00000225c8f3e2d8]
Event: 2.303 Thread 0x00000225d96c8180 2358       4       java.lang.ref.SoftReference::get (29 bytes)
Event: 2.303 Thread 0x00000225d96eeb00 2359       3       com.google.gson.TypeAdapter::<init> (5 bytes)
Event: 2.303 Thread 0x00000225d96eeb00 nmethod 2359 0x00000225c8f3e390 code [0x00000225c8f3e540, 0x00000225c8f3e698]
Event: 2.303 Thread 0x00000225d96eeb00 2360       1       sun.reflect.generics.reflectiveObjects.ParameterizedTypeImpl::getOwnerType (5 bytes)
Event: 2.303 Thread 0x00000225d96eeb00 nmethod 2360 0x00000225d009cc90 code [0x00000225d009ce20, 0x00000225d009cef8]
Event: 2.304 Thread 0x00000225d96eeb00 2361       3       java.lang.Class::annotationData (44 bytes)
Event: 2.304 Thread 0x00000225d96eeb00 nmethod 2361 0x00000225c8f3e790 code [0x00000225c8f3e960, 0x00000225c8f3ec58]
Event: 2.304 Thread 0x00000225d96c8180 nmethod 2358 0x00000225d009cf90 code [0x00000225d009d120, 0x00000225d009d1d8]
Event: 2.304 Thread 0x00000225d96eeb00 2362       3       com.google.gson.internal.bind.TypeAdapters$35::create (28 bytes)
Event: 2.304 Thread 0x00000225d96eeb00 nmethod 2362 0x00000225c8f3ed90 code [0x00000225c8f3ef60, 0x00000225c8f3f2e8]
Event: 2.304 Thread 0x00000225d96eeb00 2363       3       jdk.internal.reflect.Reflection::filter (163 bytes)

GC Heap History (8 events):
Event: 0.753 GC heap before
{Heap before GC invocations=1 (full 0):
 PSYoungGen      total 29696K, used 25600K [0x00000000eab00000, 0x00000000ecc00000, 0x0000000100000000)
  eden space 25600K, 100% used [0x00000000eab00000,0x00000000ec400000,0x00000000ec400000)
  from space 4096K, 0% used [0x00000000ec800000,0x00000000ec800000,0x00000000ecc00000)
  to   space 4096K, 0% used [0x00000000ec400000,0x00000000ec400000,0x00000000ec800000)
 ParOldGen       total 68608K, used 0K [0x00000000c0000000, 0x00000000c4300000, 0x00000000eab00000)
  object space 68608K, 0% used [0x00000000c0000000,0x00000000c0000000,0x00000000c4300000)
 Metaspace       used 7059K, committed 7232K, reserved 1056768K
  class space    used 679K, committed 768K, reserved 1048576K
}
Event: 0.757 GC heap after
{Heap after GC invocations=1 (full 0):
 PSYoungGen      total 29696K, used 3951K [0x00000000eab00000, 0x00000000ecc00000, 0x0000000100000000)
  eden space 25600K, 0% used [0x00000000eab00000,0x00000000eab00000,0x00000000ec400000)
  from space 4096K, 96% used [0x00000000ec400000,0x00000000ec7dbe28,0x00000000ec800000)
  to   space 4096K, 0% used [0x00000000ec800000,0x00000000ec800000,0x00000000ecc00000)
 ParOldGen       total 68608K, used 24K [0x00000000c0000000, 0x00000000c4300000, 0x00000000eab00000)
  object space 68608K, 0% used [0x00000000c0000000,0x00000000c0006000,0x00000000c4300000)
 Metaspace       used 7059K, committed 7232K, reserved 1056768K
  class space    used 679K, committed 768K, reserved 1048576K
}
Event: 1.358 GC heap before
{Heap before GC invocations=2 (full 0):
 PSYoungGen      total 29696K, used 29551K [0x00000000eab00000, 0x00000000ecc00000, 0x0000000100000000)
  eden space 25600K, 100% used [0x00000000eab00000,0x00000000ec400000,0x00000000ec400000)
  from space 4096K, 96% used [0x00000000ec400000,0x00000000ec7dbe28,0x00000000ec800000)
  to   space 4096K, 0% used [0x00000000ec800000,0x00000000ec800000,0x00000000ecc00000)
 ParOldGen       total 68608K, used 24K [0x00000000c0000000, 0x00000000c4300000, 0x00000000eab00000)
  object space 68608K, 0% used [0x00000000c0000000,0x00000000c0006000,0x00000000c4300000)
 Metaspace       used 18324K, committed 18752K, reserved 1073152K
  class space    used 1666K, committed 1856K, reserved 1048576K
}
Event: 1.362 GC heap after
{Heap after GC invocations=2 (full 0):
 PSYoungGen      total 29696K, used 4094K [0x00000000eab00000, 0x00000000ecc00000, 0x0000000100000000)
  eden space 25600K, 0% used [0x00000000eab00000,0x00000000eab00000,0x00000000ec400000)
  from space 4096K, 99% used [0x00000000ec800000,0x00000000ecbffae0,0x00000000ecc00000)
  to   space 4096K, 0% used [0x00000000ec400000,0x00000000ec400000,0x00000000ec800000)
 ParOldGen       total 68608K, used 2774K [0x00000000c0000000, 0x00000000c4300000, 0x00000000eab00000)
  object space 68608K, 4% used [0x00000000c0000000,0x00000000c02b5b08,0x00000000c4300000)
 Metaspace       used 18324K, committed 18752K, reserved 1073152K
  class space    used 1666K, committed 1856K, reserved 1048576K
}
Event: 2.072 GC heap before
{Heap before GC invocations=3 (full 0):
 PSYoungGen      total 29696K, used 18622K [0x00000000eab00000, 0x00000000ecc00000, 0x0000000100000000)
  eden space 25600K, 56% used [0x00000000eab00000,0x00000000eb9300f8,0x00000000ec400000)
  from space 4096K, 99% used [0x00000000ec800000,0x00000000ecbffae0,0x00000000ecc00000)
  to   space 4096K, 0% used [0x00000000ec400000,0x00000000ec400000,0x00000000ec800000)
 ParOldGen       total 68608K, used 2774K [0x00000000c0000000, 0x00000000c4300000, 0x00000000eab00000)
  object space 68608K, 4% used [0x00000000c0000000,0x00000000c02b5b08,0x00000000c4300000)
 Metaspace       used 20816K, committed 21248K, reserved 1073152K
  class space    used 1919K, committed 2112K, reserved 1048576K
}
Event: 2.075 GC heap after
{Heap after GC invocations=3 (full 0):
 PSYoungGen      total 29696K, used 4072K [0x00000000eab00000, 0x00000000ecc00000, 0x0000000100000000)
  eden space 25600K, 0% used [0x00000000eab00000,0x00000000eab00000,0x00000000ec400000)
  from space 4096K, 99% used [0x00000000ec400000,0x00000000ec7fa070,0x00000000ec800000)
  to   space 4096K, 0% used [0x00000000ec800000,0x00000000ec800000,0x00000000ecc00000)
 ParOldGen       total 68608K, used 4074K [0x00000000c0000000, 0x00000000c4300000, 0x00000000eab00000)
  object space 68608K, 5% used [0x00000000c0000000,0x00000000c03fa940,0x00000000c4300000)
 Metaspace       used 20816K, committed 21248K, reserved 1073152K
  class space    used 1919K, committed 2112K, reserved 1048576K
}
Event: 2.075 GC heap before
{Heap before GC invocations=4 (full 1):
 PSYoungGen      total 29696K, used 4072K [0x00000000eab00000, 0x00000000ecc00000, 0x0000000100000000)
  eden space 25600K, 0% used [0x00000000eab00000,0x00000000eab00000,0x00000000ec400000)
  from space 4096K, 99% used [0x00000000ec400000,0x00000000ec7fa070,0x00000000ec800000)
  to   space 4096K, 0% used [0x00000000ec800000,0x00000000ec800000,0x00000000ecc00000)
 ParOldGen       total 68608K, used 4074K [0x00000000c0000000, 0x00000000c4300000, 0x00000000eab00000)
  object space 68608K, 5% used [0x00000000c0000000,0x00000000c03fa940,0x00000000c4300000)
 Metaspace       used 20816K, committed 21248K, reserved 1073152K
  class space    used 1919K, committed 2112K, reserved 1048576K
}
Event: 2.095 GC heap after
{Heap after GC invocations=4 (full 1):
 PSYoungGen      total 29696K, used 0K [0x00000000eab00000, 0x00000000ecc00000, 0x0000000100000000)
  eden space 25600K, 0% used [0x00000000eab00000,0x00000000eab00000,0x00000000ec400000)
  from space 4096K, 0% used [0x00000000ec400000,0x00000000ec400000,0x00000000ec800000)
  to   space 4096K, 0% used [0x00000000ec800000,0x00000000ec800000,0x00000000ecc00000)
 ParOldGen       total 68608K, used 7959K [0x00000000c0000000, 0x00000000c4300000, 0x00000000eab00000)
  object space 68608K, 11% used [0x00000000c0000000,0x00000000c07c5cd0,0x00000000c4300000)
 Metaspace       used 20816K, committed 21248K, reserved 1073152K
  class space    used 1919K, committed 2112K, reserved 1048576K
}

Deoptimization events (20 events):
Event: 1.985 Thread 0x00000225dc563ac0 DEOPT PACKING pc=0x00000225d0074208 sp=0x000000f4ffafd420
Event: 1.985 Thread 0x00000225dc563ac0 DEOPT UNPACKING pc=0x00000225c854d42e sp=0x000000f4ffafd3c0 mode 2
Event: 1.986 Thread 0x00000225dc563ac0 Uncommon trap: trap_request=0xffffff76 fr.pc=0x00000225d006f54c relative=0x0000000000000e4c
Event: 1.986 Thread 0x00000225dc563ac0 Uncommon trap: reason=predicate action=maybe_recompile pc=0x00000225d006f54c method=java.util.Properties$LineReader.readLine()I @ 53 c2
Event: 1.986 Thread 0x00000225dc563ac0 DEOPT PACKING pc=0x00000225d006f54c sp=0x000000f4ffafd420
Event: 1.986 Thread 0x00000225dc563ac0 DEOPT UNPACKING pc=0x00000225c854d42e sp=0x000000f4ffafd3d8 mode 2
Event: 2.024 Thread 0x00000225dc563ac0 DEOPT PACKING pc=0x00000225c8e5467f sp=0x000000f4ffaf8f70
Event: 2.024 Thread 0x00000225dc563ac0 DEOPT UNPACKING pc=0x00000225c854dbce sp=0x000000f4ffaf8480 mode 0
Event: 2.109 Thread 0x00000225dc563ac0 Uncommon trap: trap_request=0xffffff76 fr.pc=0x00000225d007e7b8 relative=0x0000000000000658
Event: 2.109 Thread 0x00000225dc563ac0 Uncommon trap: reason=predicate action=maybe_recompile pc=0x00000225d007e7b8 method=java.util.TreeMap.getEntryUsingComparator(Ljava/lang/Object;)Ljava/util/TreeMap$Entry; @ 19 c2
Event: 2.109 Thread 0x00000225dc563ac0 DEOPT PACKING pc=0x00000225d007e7b8 sp=0x000000f4ffafc9d0
Event: 2.109 Thread 0x00000225dc563ac0 DEOPT UNPACKING pc=0x00000225c854d42e sp=0x000000f4ffafc8f0 mode 2
Event: 2.120 Thread 0x00000225c0d7ed90 Uncommon trap: trap_request=0xffffff76 fr.pc=0x00000225d007cbbc relative=0x000000000000065c
Event: 2.120 Thread 0x00000225c0d7ed90 Uncommon trap: reason=predicate action=maybe_recompile pc=0x00000225d007cbbc method=java.util.TreeMap.getEntryUsingComparator(Ljava/lang/Object;)Ljava/util/TreeMap$Entry; @ 19 c2
Event: 2.120 Thread 0x00000225c0d7ed90 DEOPT PACKING pc=0x00000225d007cbbc sp=0x000000f4fe8fdce0
Event: 2.120 Thread 0x00000225c0d7ed90 DEOPT UNPACKING pc=0x00000225c854d42e sp=0x000000f4fe8fdc90 mode 2
Event: 2.210 Thread 0x00000225c0d7ed90 Uncommon trap: trap_request=0xffffff45 fr.pc=0x00000225d008a134 relative=0x0000000000000114
Event: 2.210 Thread 0x00000225c0d7ed90 Uncommon trap: reason=unstable_if action=reinterpret pc=0x00000225d008a134 method=jdk.internal.org.objectweb.asm.SymbolTable.put(Ljdk/internal/org/objectweb/asm/SymbolTable$Entry;)Ljdk/internal/org/objectweb/asm/SymbolTable$Entry; @ 13 c2
Event: 2.210 Thread 0x00000225c0d7ed90 DEOPT PACKING pc=0x00000225d008a134 sp=0x000000f4fe8fd550
Event: 2.210 Thread 0x00000225c0d7ed90 DEOPT UNPACKING pc=0x00000225c854d42e sp=0x000000f4fe8fd4b0 mode 2

Classes unloaded (0 events):
No events

Classes redefined (0 events):
No events

Internal exceptions (20 events):
Event: 0.625 Thread 0x00000225c0d7ed90 Exception <a 'java/lang/NoSuchMethodError'{0x00000000ebef4150}: 'java.lang.Object java.lang.invoke.DirectMethodHandle$Holder.newInvokeSpecial(java.lang.Object, int, java.lang.Object)'> (0x00000000ebef4150) 
thrown [t:\workspace\open\src\hotspot\share\interpreter\linkResolver.cpp, line 790]
Event: 0.729 Thread 0x00000225dc562f10 Implicit null exception at 0x00000225cfffed80 to 0x00000225cfffee38
Event: 0.732 Thread 0x00000225c0d7ed90 Exception <a 'java/lang/UnsatisfiedLinkError'{0x00000000ec2202a0}: 'void org.eclipse.equinox.launcher.JNIBridge._update_splash()'> (0x00000000ec2202a0) 
thrown [t:\workspace\open\src\hotspot\share\prims\nativeLookup.cpp, line 541]
Event: 0.763 Thread 0x00000225dc563ac0 Exception <a 'java/lang/NoSuchMethodError'{0x00000000eac44710}: 'java.lang.Object java.lang.invoke.DirectMethodHandle$Holder.invokeStaticInit(java.lang.Object)'> (0x00000000eac44710) 
thrown [t:\workspace\open\src\hotspot\share\interpreter\linkResolver.cpp, line 790]
Event: 0.847 Thread 0x00000225dc563ac0 Exception <a 'java/io/FileNotFoundException'{0x00000000eaf8cd98}> (0x00000000eaf8cd98) 
thrown [t:\workspace\open\src\hotspot\share\prims\jni.cpp, line 579]
Event: 1.000 Thread 0x00000225dc563ac0 Exception <a 'java/lang/NoSuchMethodError'{0x00000000eb3f4af8}: 'void java.lang.invoke.DirectMethodHandle$Holder.invokeInterface(java.lang.Object, java.lang.Object, java.lang.Object)'> (0x00000000eb3f4af8) 
thrown [t:\workspace\open\src\hotspot\share\interpreter\linkResolver.cpp, line 790]
Event: 1.059 Thread 0x00000225dc563ac0 Exception <a 'java/io/FileNotFoundException'{0x00000000eb5d66f8}> (0x00000000eb5d66f8) 
thrown [t:\workspace\open\src\hotspot\share\prims\jni.cpp, line 579]
Event: 1.172 Thread 0x00000225dc563ac0 Exception <a 'java/lang/NoSuchMethodError'{0x00000000eb8cf2c8}: 'int java.lang.invoke.DirectMethodHandle$Holder.invokeStaticInit(java.lang.Object, java.lang.Object, java.lang.Object)'> (0x00000000eb8cf2c8) 
thrown [t:\workspace\open\src\hotspot\share\interpreter\linkResolver.cpp, line 790]
Event: 1.176 Thread 0x00000225dc563ac0 Exception <a 'java/lang/IncompatibleClassChangeError'{0x00000000eb905220}: Found class java.lang.Object, but interface was expected> (0x00000000eb905220) 
thrown [t:\workspace\open\src\hotspot\share\interpreter\linkResolver.cpp, line 857]
Event: 1.405 Thread 0x00000225dc563ac0 Exception <a 'java/lang/ClassNotFoundException'{0x00000000eb424f30}: com/sun/org/apache/xerces/internal/impl/msg/spi/DOMMessagesProvider> (0x00000000eb424f30) 
thrown [t:\workspace\open\src\hotspot\share\classfile\systemDictionary.cpp, line 256]
Event: 1.408 Thread 0x00000225dc563ac0 Exception <a 'java/lang/ClassNotFoundException'{0x00000000eb439eb8}: com/sun/org/apache/xerces/internal/impl/msg/spi/XMLSerializerMessagesProvider> (0x00000000eb439eb8) 
thrown [t:\workspace\open\src\hotspot\share\classfile\systemDictionary.cpp, line 256]
Event: 1.410 Thread 0x00000225dc563ac0 Exception <a 'java/lang/ClassNotFoundException'{0x00000000eb445190}: com/sun/org/apache/xerces/internal/impl/msg/spi/XMLMessagesProvider> (0x00000000eb445190) 
thrown [t:\workspace\open\src\hotspot\share\classfile\systemDictionary.cpp, line 256]
Event: 1.986 Thread 0x00000225dc563ac0 Implicit null exception at 0x00000225d006e80d to 0x00000225d006f528
Event: 2.004 Thread 0x00000225dc563ac0 Exception <a 'java/lang/ClassNotFoundException'{0x00000000eb725e70}: com/sun/org/apache/xml/internal/serializer/spi/XMLEntitiesProvider> (0x00000000eb725e70) 
thrown [t:\workspace\open\src\hotspot\share\classfile\systemDictionary.cpp, line 256]
Event: 2.097 Thread 0x00000225dc563ac0 Exception <a 'java/io/FileNotFoundException'{0x00000000eab46648}> (0x00000000eab46648) 
thrown [t:\workspace\open\src\hotspot\share\prims\jni.cpp, line 579]
Event: 2.108 Thread 0x00000225dc563ac0 Exception <a 'java/io/FileNotFoundException'{0x00000000eab80560}> (0x00000000eab80560) 
thrown [t:\workspace\open\src\hotspot\share\prims\jni.cpp, line 579]
Event: 2.112 Thread 0x00000225dc563ac0 Exception <a 'java/io/FileNotFoundException'{0x00000000eabe0e78}> (0x00000000eabe0e78) 
thrown [t:\workspace\open\src\hotspot\share\prims\jni.cpp, line 579]
Event: 2.139 Thread 0x00000225c0d7ed90 Exception <a 'java/lang/NoSuchMethodError'{0x00000000eacdcb98}: 'void java.lang.invoke.DirectMethodHandle$Holder.invokeStatic(java.lang.Object, java.lang.Object, java.lang.Object, java.lang.Object)'> (0x00000000eacdcb98) 
thrown [t:\workspace\open\src\hotspot\share\interpreter\linkResolver.cpp, line 790]
Event: 2.200 Thread 0x00000225c0d7ed90 Exception <a 'java/lang/NoSuchMethodError'{0x00000000eafd6698}: 'java.lang.Object java.lang.invoke.DirectMethodHandle$Holder.newInvokeSpecial(java.lang.Object, java.lang.Object, java.lang.Object, java.lang.Object, java.lang.Object)'> (0x00000000eafd6698) 
thrown [t:\workspace\open\src\hotspot\share\interpreter\linkResolver.cpp, line 790]
Event: 2.258 Thread 0x00000225dc5f8af0 Exception <a 'java/io/FileNotFoundException'{0x00000000eb1fb5c0}> (0x00000000eb1fb5c0) 
thrown [t:\workspace\open\src\hotspot\share\prims\jni.cpp, line 579]

Events (20 events):
Event: 2.214 loading class java/text/MessageFormat$Field done
Event: 2.215 Thread 0x00000225dc5f8af0 Thread added: 0x00000225dc5f8af0
Event: 2.226 loading class sun/reflect/generics/repository/FieldRepository
Event: 2.226 loading class sun/reflect/generics/repository/FieldRepository done
Event: 2.228 loading class jdk/internal/reflect/UnsafeQualifiedIntegerFieldAccessorImpl
Event: 2.228 loading class jdk/internal/reflect/UnsafeQualifiedFieldAccessorImpl
Event: 2.228 loading class jdk/internal/reflect/UnsafeQualifiedFieldAccessorImpl done
Event: 2.228 loading class jdk/internal/reflect/UnsafeQualifiedIntegerFieldAccessorImpl done
Event: 2.245 loading class jdk/internal/reflect/UnsafeBooleanFieldAccessorImpl
Event: 2.245 loading class jdk/internal/reflect/UnsafeBooleanFieldAccessorImpl done
Event: 2.278 loading class java/util/concurrent/CompletableFuture$AltResult
Event: 2.279 loading class java/util/concurrent/CompletableFuture$AltResult done
Event: 2.279 loading class java/util/concurrent/CompletableFuture$Completion
Event: 2.279 loading class java/util/concurrent/CompletableFuture$AsynchronousCompletionTask
Event: 2.279 loading class java/util/concurrent/CompletableFuture$AsynchronousCompletionTask done
Event: 2.279 loading class java/util/concurrent/CompletableFuture$Completion done
Event: 2.283 loading class java/util/Formatter$FixedString
Event: 2.283 loading class java/util/Formatter$FixedString done
Event: 2.290 loading class javax/xml/parsers/FactoryConfigurationError
Event: 2.290 loading class javax/xml/parsers/FactoryConfigurationError done


Dynamic libraries:
0x00007ff650cf0000 - 0x00007ff650d00000 	C:\Program Files\Java\jdk-16.0.1\bin\java.exe
0x00007ffe62ab0000 - 0x00007ffe62ca5000 	C:\WINDOWS\SYSTEM32\ntdll.dll
0x00007ffe61720000 - 0x00007ffe617dd000 	C:\WINDOWS\System32\KERNEL32.DLL
0x00007ffe60820000 - 0x00007ffe60ae9000 	C:\WINDOWS\System32\KERNELBASE.dll
0x00007ffe605e0000 - 0x00007ffe606e0000 	C:\WINDOWS\System32\ucrtbase.dll
0x00007ffe4a990000 - 0x00007ffe4a9a9000 	C:\Program Files\Java\jdk-16.0.1\bin\VCRUNTIME140.dll
0x00007ffe4a3d0000 - 0x00007ffe4a3e8000 	C:\Program Files\Java\jdk-16.0.1\bin\jli.dll
0x00007ffe61cf0000 - 0x00007ffe61d9c000 	C:\WINDOWS\System32\ADVAPI32.dll
0x00007ffe61ad0000 - 0x00007ffe61b6e000 	C:\WINDOWS\System32\msvcrt.dll
0x00007ffe61b70000 - 0x00007ffe61c0b000 	C:\WINDOWS\System32\sechost.dll
0x00007ffe62250000 - 0x00007ffe6237a000 	C:\WINDOWS\System32\RPCRT4.dll
0x00007ffe61340000 - 0x00007ffe614e0000 	C:\WINDOWS\System32\USER32.dll
0x00007ffe4aef0000 - 0x00007ffe4b18a000 	C:\WINDOWS\WinSxS\amd64_microsoft.windows.common-controls_6595b64144ccf1df_6.0.19041.1110_none_60b5254171f9507e\COMCTL32.dll
0x00007ffe60340000 - 0x00007ffe60362000 	C:\WINDOWS\System32\win32u.dll
0x00007ffe60af0000 - 0x00007ffe60b1a000 	C:\WINDOWS\System32\GDI32.dll
0x00007ffe60370000 - 0x00007ffe6047b000 	C:\WINDOWS\System32\gdi32full.dll
0x00007ffe601c0000 - 0x00007ffe6025d000 	C:\WINDOWS\System32\msvcp_win.dll
0x00007ffe589b0000 - 0x00007ffe589ba000 	C:\WINDOWS\SYSTEM32\VERSION.dll
0x00007ffe61310000 - 0x00007ffe61340000 	C:\WINDOWS\System32\IMM32.DLL
0x00007ffe58240000 - 0x00007ffe5824c000 	C:\Program Files\Java\jdk-16.0.1\bin\vcruntime140_1.dll
0x00007ffe23d90000 - 0x00007ffe23e21000 	C:\Program Files\Java\jdk-16.0.1\bin\msvcp140.dll
0x00007ffe12eb0000 - 0x00007ffe13a5b000 	C:\Program Files\Java\jdk-16.0.1\bin\server\jvm.dll
0x00007ffe61910000 - 0x00007ffe61918000 	C:\WINDOWS\System32\PSAPI.DLL
0x00007ffe4c0d0000 - 0x00007ffe4c0d9000 	C:\WINDOWS\SYSTEM32\WSOCK32.dll
0x00007ffe48cd0000 - 0x00007ffe48cf7000 	C:\WINDOWS\SYSTEM32\WINMM.dll
0x00007ffe629d0000 - 0x00007ffe62a3b000 	C:\WINDOWS\System32\WS2_32.dll
0x00007ffe5e0b0000 - 0x00007ffe5e0c2000 	C:\WINDOWS\SYSTEM32\kernel.appcore.dll
0x00007ffe58100000 - 0x00007ffe5810a000 	C:\Program Files\Java\jdk-16.0.1\bin\jimage.dll
0x00007ffe59350000 - 0x00007ffe59534000 	C:\WINDOWS\SYSTEM32\DBGHELP.DLL
0x00007ffe4bd80000 - 0x00007ffe4bdac000 	C:\WINDOWS\SYSTEM32\dbgcore.DLL
0x00007ffe606e0000 - 0x00007ffe60763000 	C:\WINDOWS\System32\bcryptPrimitives.dll
0x00007ffe42de0000 - 0x00007ffe42e05000 	C:\Program Files\Java\jdk-16.0.1\bin\java.dll
0x00007ffe60b20000 - 0x00007ffe6125f000 	C:\WINDOWS\System32\SHELL32.dll
0x00007ffe5e2b0000 - 0x00007ffe5ea41000 	C:\WINDOWS\SYSTEM32\windows.storage.dll
0x00007ffe61ef0000 - 0x00007ffe62245000 	C:\WINDOWS\System32\combase.dll
0x00007ffe5fc30000 - 0x00007ffe5fc5c000 	C:\WINDOWS\SYSTEM32\Wldp.dll
0x00007ffe62390000 - 0x00007ffe6243e000 	C:\WINDOWS\System32\SHCORE.dll
0x00007ffe61e70000 - 0x00007ffe61ec5000 	C:\WINDOWS\System32\shlwapi.dll
0x00007ffe60100000 - 0x00007ffe6011f000 	C:\WINDOWS\SYSTEM32\profapi.dll
0x00007ffe4a170000 - 0x00007ffe4a189000 	C:\Program Files\Java\jdk-16.0.1\bin\net.dll
0x00007ffe585e0000 - 0x00007ffe586ea000 	C:\WINDOWS\SYSTEM32\WINHTTP.dll
0x00007ffe5f970000 - 0x00007ffe5f9da000 	C:\WINDOWS\system32\mswsock.dll
0x00007ffe47660000 - 0x00007ffe47673000 	C:\Program Files\Java\jdk-16.0.1\bin\nio.dll
0x00007ffe45ed0000 - 0x00007ffe45ee8000 	C:\Program Files\Java\jdk-16.0.1\bin\zip.dll
0x00007ffe5fb70000 - 0x00007ffe5fb88000 	C:\WINDOWS\SYSTEM32\CRYPTSP.dll
0x00007ffe5f280000 - 0x00007ffe5f2b4000 	C:\WINDOWS\system32\rsaenh.dll
0x00007ffe602b0000 - 0x00007ffe602d7000 	C:\WINDOWS\System32\bcrypt.dll
0x00007ffe60080000 - 0x00007ffe600ae000 	C:\WINDOWS\SYSTEM32\USERENV.dll
0x00007ffe5fb90000 - 0x00007ffe5fb9c000 	C:\WINDOWS\SYSTEM32\CRYPTBASE.dll
0x00007ffe5f600000 - 0x00007ffe5f63b000 	C:\WINDOWS\SYSTEM32\IPHLPAPI.DLL
0x00007ffe62380000 - 0x00007ffe62388000 	C:\WINDOWS\System32\NSI.dll
0x00007ffe57810000 - 0x00007ffe57827000 	C:\WINDOWS\SYSTEM32\dhcpcsvc6.DLL
0x00007ffe57860000 - 0x00007ffe5787d000 	C:\WINDOWS\SYSTEM32\dhcpcsvc.DLL
0x00007ffe5f650000 - 0x00007ffe5f71c000 	C:\WINDOWS\SYSTEM32\DNSAPI.dll
0x00007ffe40fb0000 - 0x00007ffe40fee000 	C:\Users\monta\AppData\Roaming\Code\User\globalStorage\redhat.java\0.80.0\config_ss_win\org.eclipse.equinox.launcher\org.eclipse.equinox.launcher.win32.win32.x86_64_1.2.300.v20210617-0451\eclipse_11502.dll
0x00007ffe4d5c0000 - 0x00007ffe4d5d0000 	C:\Program Files\Java\jdk-16.0.1\bin\verify.dll
0x00007ffe42c30000 - 0x00007ffe42c41000 	C:\Users\monta\AppData\Roaming\Code\User\globalStorage\redhat.java\0.80.0\config_ss_win\org.eclipse.osgi\16\0\.cp\jWinHttp-1.0.0.dll
0x00007ffe617e0000 - 0x00007ffe6190a000 	C:\WINDOWS\System32\ole32.dll

dbghelp: loaded successfully - version: 4.0.5 - missing functions: none
symbol engine: initialized successfully - sym options: 0x614 - pdb path: .;C:\Program Files\Java\jdk-16.0.1\bin;C:\WINDOWS\SYSTEM32;C:\WINDOWS\WinSxS\amd64_microsoft.windows.common-controls_6595b64144ccf1df_6.0.19041.1110_none_60b5254171f9507e;C:\Program Files\Java\jdk-16.0.1\bin\server;C:\Users\monta\AppData\Roaming\Code\User\globalStorage\redhat.java\0.80.0\config_ss_win\org.eclipse.equinox.launcher\org.eclipse.equinox.launcher.win32.win32.x86_64_1.2.300.v20210617-0451;C:\Users\monta\AppData\Roaming\Code\User\globalStorage\redhat.java\0.80.0\config_ss_win\org.eclipse.osgi\16\0\.cp

VM Arguments:
jvm_args: --add-modules=ALL-SYSTEM --add-opens=java.base/java.util=ALL-UNNAMED --add-opens=java.base/java.lang=ALL-UNNAMED -Declipse.application=org.eclipse.jdt.ls.core.id1 -Dosgi.bundles.defaultStartLevel=4 -Declipse.product=org.eclipse.jdt.ls.core.product -Dfile.encoding=utf8 -DwatchParentProcess=false -XX:+UseParallelGC -XX:GCTimeRatio=4 -XX:AdaptiveSizePolicyWeight=90 -Dsun.zip.disableMemoryMapping=true -Xmx1G -Xms100m 
java_command: c:\Users\monta\.vscode\extensions\redhat.java-0.80.0\server\plugins\org.eclipse.equinox.launcher_1.6.200.v20210416-2027.jar -configuration c:\Users\monta\AppData\Roaming\Code\User\globalStorage\redhat.java\0.80.0\config_ss_win -data c:\Users\monta\AppData\Roaming\Code\User\workspaceStorage\9a15de41cb54808227a37ed8d1d15138\redhat.java\ss_ws
java_class_path (initial): c:\Users\monta\.vscode\extensions\redhat.java-0.80.0\server\plugins\org.eclipse.equinox.launcher_1.6.200.v20210416-2027.jar
Launcher Type: SUN_STANDARD

[Global flags]
    uintx AdaptiveSizePolicyWeight                 = 90                                        {product} {command line}
     intx CICompilerCount                          = 4                                         {product} {ergonomic}
    uintx GCTimeRatio                              = 4                                         {product} {command line}
   size_t InitialHeapSize                          = 104857600                                 {product} {command line}
   size_t MaxHeapSize                              = 1073741824                                {product} {command line}
   size_t MaxNewSize                               = 357564416                                 {product} {ergonomic}
   size_t MinHeapDeltaBytes                        = 524288                                    {product} {ergonomic}
   size_t MinHeapSize                              = 104857600                                 {product} {command line}
   size_t NewSize                                  = 34603008                                  {product} {ergonomic}
    uintx NonNMethodCodeHeapSize                   = 5839372                                {pd product} {ergonomic}
    uintx NonProfiledCodeHeapSize                  = 122909434                              {pd product} {ergonomic}
   size_t OldSize                                  = 70254592                                  {product} {ergonomic}
    uintx ProfiledCodeHeapSize                     = 122909434                              {pd product} {ergonomic}
    uintx ReservedCodeCacheSize                    = 251658240                              {pd product} {ergonomic}
     bool SegmentedCodeCache                       = true                                      {product} {ergonomic}
   size_t SoftMaxHeapSize                          = 1073741824                             {manageable} {ergonomic}
     bool UseCompressedClassPointers               = true                           {product lp64_product} {ergonomic}
     bool UseCompressedOops                        = true                           {product lp64_product} {ergonomic}
     bool UseLargePagesIndividualAllocation        = false                                  {pd product} {ergonomic}
     bool UseParallelGC                            = true                                      {product} {command line}

Logging:
Log output configuration:
 #0: stdout all=warning uptime,level,tags
 #1: stderr all=off uptime,level,tags

Environment Variables:
JAVA_HOME=C:\Program Files\Java\jdk-16.0.1
PATH=C:\Program Files (x86)\Common Files\Oracle\Java\javapath;C:\Python39\Scripts\;C:\Python39\;C:\Program Files\AdoptOpenJDK\jdk-11.0.8.10-hotspot\bin;C:\Windows\system32;C:\Windows;C:\Windows\System32\Wbem;C:\Windows\System32\WindowsPowerShell\v1.0\;C:\Windows\System32\OpenSSH\;C:\Program Files (x86)\NVIDIA Corporation\PhysX\Common;C:\Program Files\NVIDIA Corporation\NVIDIA NvDLISR;C:\Program Files\Microsoft VS Code\bin;C:\Program Files\nodejs\;C:\ProgramData\chocolatey\bin;C:\WINDOWS\system32;C:\WINDOWS;C:\WINDOWS\System32\Wbem;C:\WINDOWS\System32\WindowsPowerShell\v1.0\;C:\WINDOWS\System32\OpenSSH\;C:\Program Files\Git\cmd;C:\users\monta\appdata\roaming\python\python39\Scripts;C:\Program Files\Docker\Docker\resources\bin;C:\ProgramData\DockerDesktop\version-bin;C:\Program Files\Java\jdk-16.0.1\bin;C:\Program Files\Java\jdk-16.0.1\bin;C:\xampp\tomcat\bin;C:\Program Files\Java\jre1.8.0_291\bin;C:\apps\apache-maven-3.8.1\bin;C:\Users\monta\AppData\Local\Microsoft\WindowsApps;C:\Program Files\CodeBlocks\MinGW\bin;C:\Users\monta\AppData\Roaming\npm;C:\Users\monta\AppData\Local\Programs\Microsoft VS Code\bin;C:\Program Files\heroku\bin
USERNAME=monta
OS=Windows_NT
PROCESSOR_IDENTIFIER=Intel64 Family 6 Model 158 Stepping 10, GenuineIntel



---------------  S Y S T E M  ---------------

OS:
 Windows 10 , 64 bit Build 19041 (10.0.19041.1023)
OS uptime: 3 days 19:33 hours
Hyper-V role detected

CPU: total 8 (initial active 8) (4 cores per cpu, 2 threads per core) family 6 model 158 stepping 10 microcode 0xde, cx8, cmov, fxsr, ht, mmx, 3dnowpref, sse, sse2, sse3, ssse3, sse4.1, sse4.2, popcnt, lzcnt, tsc, tscinvbit, avx, avx2, aes, erms, clmul, bmi1, bmi2, adx, fma, vzeroupper, clflush, clflushopt, hv

Memory: 4k page, system-wide physical 16235M (2849M free)
TotalPageFile size 16235M (AvailPageFile size 2M)
current process WorkingSet (physical memory assigned to process): 122M, peak: 122M
current process commit charge ("private bytes"): 234M, peak: 234M

vm_info: Java HotSpot(TM) 64-Bit Server VM (16.0.1+9-24) for windows-amd64 JRE (16.0.1+9-24), built on Mar 26 2021 19:31:42 by "mach5one" with MS VC++ 16.7 (VS2019)

END.
